[35m[Appium][39m Welcome to Appium v1.17.1
[35m[Appium][39m Non-default server args:
[35m[Appium][39m   port: 56589
[35m[Appium][39m   loglevel: info
[35m[Appium][39m   tmpDir: C:\Users\adria\AppData\Local\Temp\\Katalon\Appium\Temp1589111532627
[35m[Appium][39m   chromedriverPort: 56590
[35m[Appium][39m Deprecated server args:
[35m[Appium][39m   [31m--chromedriver-port[39m => --default-capabilities '{"chromedriverPort":56590}'
[35m[Appium][39m Default capabilities, which will be added to each request unless overridden by desired capabilities:
[35m[Appium][39m   chromedriverPort: 56590
[35m[Appium][39m Appium REST http interface listener started on 0.0.0.0:56589
[35m[HTTP][39m [37m-->[39m [37mGET[39m [37m/wd/hub/status[39m
[35m[HTTP][39m [90m{}[39m
[35m[HTTP][39m [37m<-- GET /wd/hub/status [39m[32m200[39m [90m4 ms - 68[39m
[35m[HTTP][39m [90m[39m
[35m[HTTP][39m [37m-->[39m [37mGET[39m [37m/wd/hub/status[39m
[35m[HTTP][39m [90m{}[39m
[35m[HTTP][39m [37m<-- GET /wd/hub/status [39m[32m200[39m [90m1 ms - 68[39m
[35m[HTTP][39m [90m[39m
[35m[HTTP][39m [37m-->[39m [37mPOST[39m [37m/wd/hub/session[39m
[35m[HTTP][39m [90m{"desiredCapabilities":{"app":"D:\\PROJECTProgmob-master\\app\\build\\outputs\\apk\\debug\\app-debug.apk","noReset":true,"deviceName":"Xiaomi Redmi Note 7 (Android 9)","fullReset":false,"platform":"ANDROID","newCommandTimeout":1800,"platformVersion":"9","automationName":"uiautomator2","autoGrantPermissions":true,"platformName":"Android","udid":"ecc2d14","systemPort":56597},"capabilities":{"firstMatch":[{"appium:app":"D:\\PROJECTProgmob-master\\app\\build\\outputs\\apk\\debug\\app-debug.apk","appium:autoGrantPermissions":true,"appium:automationName":"uiautomator2","appium:deviceName":"Xiaomi Redmi Note 7 (Android 9)","appium:fullReset":false,"appium:newCommandTimeout":1800,"appium:noReset":true,"platform":"ANDROID","platformName":"android","appium:platformVersion":"9","appium:systemPort":56597,"appium:udid":"ecc2d14"}]}}[39m
[35m[BaseDriver][39m The following capabilities are not standard capabilities and should have an extension prefix:
[35m[BaseDriver][39m   platform
[35m[BaseDriver][39m   chromedriverPort
[35m[Appium][39m Appium v1.17.1 creating new AndroidUiautomator2Driver (v1.44.2) session
[35m[BaseDriver][39m The following capabilities were provided, but are not recognized by Appium:
[35m[BaseDriver][39m   platform
[35m[BaseDriver][39m Session created with session id: 8236c190-4ea6-474b-aca9-eb909f5d0f32
[35m[BaseDriver][39m Using local app 'D:\PROJECTProgmob-master\app\build\outputs\apk\debug\app-debug.apk'
[35m[ADB][39m Found 1 'build-tools' folders under 'C:\Users\adria\.katalon\tools\android_sdk' (newest first):
[35m[ADB][39m     C:/Users/adria/.katalon/tools/android_sdk/build-tools/29.0.3
[35m[ADB][39m Using 'adb.exe' from 'C:\Users\adria\.katalon\tools\android_sdk\platform-tools\adb.exe'
[35m[AndroidDriver][39m Retrieving device list
[35m[AndroidDriver][39m Using device: ecc2d14
[35m[ADB][39m Using 'adb.exe' from 'C:\Users\adria\.katalon\tools\android_sdk\platform-tools\adb.exe'
[35m[ADB][39m Getting device platform version
[35m[UiAutomator2][39m Relaxing hidden api policy
[35m[ADB][39m Package name: 'com.example.project'
[35m[ADB][39m Main activity name: 'com.example.project.SplashScreenActivity'
[35m[ADB][39m Using 'apksigner.jar' from 'C:\Users\adria\.katalon\tools\android_sdk\build-tools\29.0.3\lib\apksigner.jar'
[35m[UiAutomator2][39m Server packages are not going to be (re)installed
[35m[UiAutomator2][39m Starting UIAutomator2 server 4.5.5
[35m[UiAutomator2][39m Using UIAutomator2 server from 'C:\Users\adria\AppData\Roaming\npm\node_modules\appium\node_modules\appium-uiautomator2-server\apks\appium-uiautomator2-server-v4.5.5.apk' and test from 'C:\Users\adria\AppData\Roaming\npm\node_modules\appium\node_modules\appium-uiautomator2-server\apks\appium-uiautomator2-server-debug-androidTest.apk'
[35m[UiAutomator2][39m Waiting up to 30000ms for UiAutomator2 to be online...
[35m[WD Proxy][39m Got response with unknown status: {"code":"ECONNRESET"}
[35m[WD Proxy][39m Got response with unknown status: {"code":"ECONNRESET"}
[35m[WD Proxy][39m Determined the downstream protocol as 'W3C'
[35m[AndroidDriver][39m Screen already unlocked, doing nothing
[35m[UiAutomator2][39m Starting 'com.example.project/com.example.project.SplashScreenActivity and waiting for 'com.example.project/com.example.project.SplashScreenActivity'
[35m[Appium][39m New AndroidUiautomator2Driver session created successfully, session 8236c190-4ea6-474b-aca9-eb909f5d0f32 added to master session list
[35m[HTTP][39m [37m<-- POST /wd/hub/session [39m[32m200[39m [90m8508 ms - 1287[39m
[35m[HTTP][39m [90m[39m
[35m[HTTP][39m [37m-->[39m [37mGET[39m [37m/wd/hub/session/8236c190-4ea6-474b-aca9-eb909f5d0f32[39m
[35m[HTTP][39m [90m{}[39m
[35m[HTTP][39m [37m<-- GET /wd/hub/session/8236c190-4ea6-474b-aca9-eb909f5d0f32 [39m[32m200[39m [90m15 ms - 1219[39m
[35m[HTTP][39m [90m[39m
[35m[HTTP][39m [37m-->[39m [37mGET[39m [37m/wd/hub/session/8236c190-4ea6-474b-aca9-eb909f5d0f32[39m
[35m[HTTP][39m [90m{}[39m
[35m[HTTP][39m [37m<-- GET /wd/hub/session/8236c190-4ea6-474b-aca9-eb909f5d0f32 [39m[32m200[39m [90m14 ms - 1219[39m
[35m[HTTP][39m [90m[39m
[35m[HTTP][39m [37m-->[39m [37mGET[39m [37m/wd/hub/status[39m
[35m[HTTP][39m [90m{}[39m
[35m[HTTP][39m [37m<-- GET /wd/hub/status [39m[32m200[39m [90m1 ms - 68[39m
[35m[HTTP][39m [90m[39m
[35m[HTTP][39m [37m-->[39m [37mPOST[39m [37m/wd/hub/session/8236c190-4ea6-474b-aca9-eb909f5d0f32/timeouts[39m
[35m[HTTP][39m [90m{"implicit":60000}[39m
[35m[HTTP][39m [37m<-- POST /wd/hub/session/8236c190-4ea6-474b-aca9-eb909f5d0f32/timeouts [39m[32m200[39m [90m2 ms - 14[39m
[35m[HTTP][39m [90m[39m
[35m[HTTP][39m [37m-->[39m [37mGET[39m [37m/wd/hub/session/8236c190-4ea6-474b-aca9-eb909f5d0f32/source[39m
[35m[HTTP][39m [90m{}[39m
[35m[W3C (8236c190)][39m Driver proxy active, passing request on via HTTP proxy
[35m[WD Proxy][39m Replacing sessionId 24704cd8-13b7-4803-8989-75c7640fb2ee with 8236c190-4ea6-474b-aca9-eb909f5d0f32
[35m[HTTP][39m [37m<-- GET /wd/hub/session/8236c190-4ea6-474b-aca9-eb909f5d0f32/source [39m[32m200[39m [90m125 ms - 3657[39m
[35m[HTTP][39m [90m[39m
[35m[HTTP][39m [37m-->[39m [37mGET[39m [37m/wd/hub/session/8236c190-4ea6-474b-aca9-eb909f5d0f32/screenshot[39m
[35m[HTTP][39m [90m{}[39m
[35m[HTTP][39m [37m<-- GET /wd/hub/session/8236c190-4ea6-474b-aca9-eb909f5d0f32/screenshot [39m[32m200[39m [90m731 ms - 536016[39m
[35m[HTTP][39m [90m[39m
[35m[HTTP][39m [37m-->[39m [37mGET[39m [37m/wd/hub/session/8236c190-4ea6-474b-aca9-eb909f5d0f32/source[39m
[35m[HTTP][39m [90m{}[39m
[35m[W3C (8236c190)][39m Driver proxy active, passing request on via HTTP proxy
[35m[WD Proxy][39m Replacing sessionId 24704cd8-13b7-4803-8989-75c7640fb2ee with 8236c190-4ea6-474b-aca9-eb909f5d0f32
[35m[HTTP][39m [37m<-- GET /wd/hub/session/8236c190-4ea6-474b-aca9-eb909f5d0f32/source [39m[32m200[39m [90m200 ms - 4953[39m
[35m[HTTP][39m [90m[39m
[35m[HTTP][39m [37m-->[39m [37mGET[39m [37m/wd/hub/session/8236c190-4ea6-474b-aca9-eb909f5d0f32/screenshot[39m
[35m[HTTP][39m [90m{}[39m
[35m[HTTP][39m [37m<-- GET /wd/hub/session/8236c190-4ea6-474b-aca9-eb909f5d0f32/screenshot [39m[32m200[39m [90m907 ms - 554556[39m
[35m[HTTP][39m [90m[39m
[35m[HTTP][39m [37m-->[39m [37mGET[39m [37m/wd/hub/session/8236c190-4ea6-474b-aca9-eb909f5d0f32/window/rect[39m
[35m[HTTP][39m [90m{}[39m
[35m[HTTP][39m [37m<-- GET /wd/hub/session/8236c190-4ea6-474b-aca9-eb909f5d0f32/window/rect [39m[32m200[39m [90m41 ms - 50[39m
[35m[HTTP][39m [90m[39m
[35m[HTTP][39m [37m-->[39m [37mPOST[39m [37m/wd/hub/session/8236c190-4ea6-474b-aca9-eb909f5d0f32/elements[39m
[35m[HTTP][39m [90m{"using":"xpath","value":"//hierarchy/android.widget.FrameLayout[1]/android.widget.LinearLayout[1]/android.widget.FrameLayout[1]/android.view.ViewGroup[1]/android.widget.FrameLayout[1]/android.view.ViewGroup[1]/android.widget.EditText[1]"}[39m
[35m[HTTP][39m [37m<-- POST /wd/hub/session/8236c190-4ea6-474b-aca9-eb909f5d0f32/elements [39m[32m200[39m [90m276 ms - 139[39m
[35m[HTTP][39m [90m[39m
[35m[HTTP][39m [37m-->[39m [37mGET[39m [37m/wd/hub/session/8236c190-4ea6-474b-aca9-eb909f5d0f32/element/063efae2-1205-4fcd-9e63-584211bca452/location[39m
[35m[HTTP][39m [90m{}[39m
[35m[W3C (8236c190)][39m Driver proxy active, passing request on via HTTP proxy
[35m[WD Proxy][39m Replacing sessionId 24704cd8-13b7-4803-8989-75c7640fb2ee with 8236c190-4ea6-474b-aca9-eb909f5d0f32
[35m[HTTP][39m [37m<-- GET /wd/hub/session/8236c190-4ea6-474b-aca9-eb909f5d0f32/element/063efae2-1205-4fcd-9e63-584211bca452/location [39m[32m200[39m [90m62 ms - 79[39m
[35m[HTTP][39m [90m[39m
[35m[HTTP][39m [37m-->[39m [37mPOST[39m [37m/wd/hub/session/8236c190-4ea6-474b-aca9-eb909f5d0f32/touch/perform[39m
[35m[HTTP][39m [90m{"actions":[{"action":"tap","options":{"x":1,"y":1,"element":"063efae2-1205-4fcd-9e63-584211bca452"}}]}[39m
[35m[UiAutomator2][39m calling get location: 063efae2-1205-4fcd-9e63-584211bca452
[35m[HTTP][39m [37m<-- POST /wd/hub/session/8236c190-4ea6-474b-aca9-eb909f5d0f32/touch/perform [39m[32m200[39m [90m189 ms - 14[39m
[35m[HTTP][39m [90m[39m
[35m[HTTP][39m [37m-->[39m [37mGET[39m [37m/wd/hub/session/8236c190-4ea6-474b-aca9-eb909f5d0f32/source[39m
[35m[HTTP][39m [90m{}[39m
[35m[W3C (8236c190)][39m Driver proxy active, passing request on via HTTP proxy
[35m[WD Proxy][39m Replacing sessionId 24704cd8-13b7-4803-8989-75c7640fb2ee with 8236c190-4ea6-474b-aca9-eb909f5d0f32
[35m[HTTP][39m [37m<-- GET /wd/hub/session/8236c190-4ea6-474b-aca9-eb909f5d0f32/source [39m[32m200[39m [90m784 ms - 4952[39m
[35m[HTTP][39m [90m[39m
[35m[HTTP][39m [37m-->[39m [37mGET[39m [37m/wd/hub/session/8236c190-4ea6-474b-aca9-eb909f5d0f32/screenshot[39m
[35m[HTTP][39m [90m{}[39m
[35m[HTTP][39m [37m<-- GET /wd/hub/session/8236c190-4ea6-474b-aca9-eb909f5d0f32/screenshot [39m[32m200[39m [90m822 ms - 640036[39m
[35m[HTTP][39m [90m[39m
[35m[HTTP][39m [37m-->[39m [37mGET[39m [37m/wd/hub/session/8236c190-4ea6-474b-aca9-eb909f5d0f32/window/rect[39m
[35m[HTTP][39m [90m{}[39m
[35m[HTTP][39m [37m<-- GET /wd/hub/session/8236c190-4ea6-474b-aca9-eb909f5d0f32/window/rect [39m[32m200[39m [90m40 ms - 50[39m
[35m[HTTP][39m [90m[39m
[35m[HTTP][39m [37m-->[39m [37mPOST[39m [37m/wd/hub/session/8236c190-4ea6-474b-aca9-eb909f5d0f32/elements[39m
[35m[HTTP][39m [90m{"using":"xpath","value":"//hierarchy/android.widget.FrameLayout[1]/android.widget.LinearLayout[1]/android.widget.FrameLayout[1]/android.view.ViewGroup[1]/android.widget.FrameLayout[1]/android.view.ViewGroup[1]/android.widget.EditText[1]"}[39m
[35m[HTTP][39m [37m<-- POST /wd/hub/session/8236c190-4ea6-474b-aca9-eb909f5d0f32/elements [39m[32m200[39m [90m190 ms - 139[39m
[35m[HTTP][39m [90m[39m
[35m[HTTP][39m [37m-->[39m [37mGET[39m [37m/wd/hub/session/8236c190-4ea6-474b-aca9-eb909f5d0f32/element/5da0c72b-32f1-4a51-b6e4-0f4bf75e137a/location[39m
[35m[HTTP][39m [90m{}[39m
[35m[W3C (8236c190)][39m Driver proxy active, passing request on via HTTP proxy
[35m[WD Proxy][39m Replacing sessionId 24704cd8-13b7-4803-8989-75c7640fb2ee with 8236c190-4ea6-474b-aca9-eb909f5d0f32
[35m[HTTP][39m [37m<-- GET /wd/hub/session/8236c190-4ea6-474b-aca9-eb909f5d0f32/element/5da0c72b-32f1-4a51-b6e4-0f4bf75e137a/location [39m[32m200[39m [90m456 ms - 79[39m
[35m[HTTP][39m [90m[39m
[35m[HTTP][39m [37m-->[39m [37mPOST[39m [37m/wd/hub/session/8236c190-4ea6-474b-aca9-eb909f5d0f32/element/5da0c72b-32f1-4a51-b6e4-0f4bf75e137a/clear[39m
[35m[HTTP][39m [90m{"id":"5da0c72b-32f1-4a51-b6e4-0f4bf75e137a"}[39m
[35m[HTTP][39m [37m<-- POST /wd/hub/session/8236c190-4ea6-474b-aca9-eb909f5d0f32/element/5da0c72b-32f1-4a51-b6e4-0f4bf75e137a/clear [39m[32m200[39m [90m88 ms - 14[39m
[35m[HTTP][39m [90m[39m
[35m[HTTP][39m [37m-->[39m [37mGET[39m [37m/wd/hub/session/8236c190-4ea6-474b-aca9-eb909f5d0f32/source[39m
[35m[HTTP][39m [90m{}[39m
[35m[W3C (8236c190)][39m Driver proxy active, passing request on via HTTP proxy
[35m[WD Proxy][39m Replacing sessionId 24704cd8-13b7-4803-8989-75c7640fb2ee with 8236c190-4ea6-474b-aca9-eb909f5d0f32
[35m[HTTP][39m [37m<-- GET /wd/hub/session/8236c190-4ea6-474b-aca9-eb909f5d0f32/source [39m[32m200[39m [90m139 ms - 4947[39m
[35m[HTTP][39m [90m[39m
[35m[HTTP][39m [37m-->[39m [37mGET[39m [37m/wd/hub/session/8236c190-4ea6-474b-aca9-eb909f5d0f32/screenshot[39m
[35m[HTTP][39m [90m{}[39m
[35m[HTTP][39m [37m<-- GET /wd/hub/session/8236c190-4ea6-474b-aca9-eb909f5d0f32/screenshot [39m[32m200[39m [90m970 ms - 634860[39m
[35m[HTTP][39m [90m[39m
[35m[HTTP][39m [37m-->[39m [37mGET[39m [37m/wd/hub/session/8236c190-4ea6-474b-aca9-eb909f5d0f32/window/rect[39m
[35m[HTTP][39m [90m{}[39m
[35m[HTTP][39m [37m<-- GET /wd/hub/session/8236c190-4ea6-474b-aca9-eb909f5d0f32/window/rect [39m[32m200[39m [90m49 ms - 50[39m
[35m[HTTP][39m [90m[39m
[35m[HTTP][39m [37m-->[39m [37mPOST[39m [37m/wd/hub/session/8236c190-4ea6-474b-aca9-eb909f5d0f32/elements[39m
[35m[HTTP][39m [90m{"using":"xpath","value":"//hierarchy/android.widget.FrameLayout[1]/android.widget.LinearLayout[1]/android.widget.FrameLayout[1]/android.view.ViewGroup[1]/android.widget.FrameLayout[1]/android.view.ViewGroup[1]/android.widget.EditText[1]"}[39m
[35m[HTTP][39m [37m<-- POST /wd/hub/session/8236c190-4ea6-474b-aca9-eb909f5d0f32/elements [39m[32m200[39m [90m214 ms - 139[39m
[35m[HTTP][39m [90m[39m
[35m[HTTP][39m [37m-->[39m [37mGET[39m [37m/wd/hub/session/8236c190-4ea6-474b-aca9-eb909f5d0f32/element/d4fae2be-b0cd-4339-b631-662c7167d093/location[39m
[35m[HTTP][39m [90m{}[39m
[35m[W3C (8236c190)][39m Driver proxy active, passing request on via HTTP proxy
[35m[WD Proxy][39m Replacing sessionId 24704cd8-13b7-4803-8989-75c7640fb2ee with 8236c190-4ea6-474b-aca9-eb909f5d0f32
[35m[HTTP][39m [37m<-- GET /wd/hub/session/8236c190-4ea6-474b-aca9-eb909f5d0f32/element/d4fae2be-b0cd-4339-b631-662c7167d093/location [39m[32m200[39m [90m59 ms - 79[39m
[35m[HTTP][39m [90m[39m
[35m[HTTP][39m [37m-->[39m [37mPOST[39m [37m/wd/hub/session/8236c190-4ea6-474b-aca9-eb909f5d0f32/element/d4fae2be-b0cd-4339-b631-662c7167d093/clear[39m
[35m[HTTP][39m [90m{"id":"d4fae2be-b0cd-4339-b631-662c7167d093"}[39m
[35m[HTTP][39m [37m<-- POST /wd/hub/session/8236c190-4ea6-474b-aca9-eb909f5d0f32/element/d4fae2be-b0cd-4339-b631-662c7167d093/clear [39m[32m200[39m [90m92 ms - 14[39m
[35m[HTTP][39m [90m[39m
[35m[HTTP][39m [37m-->[39m [37mPOST[39m [37m/wd/hub/session/8236c190-4ea6-474b-aca9-eb909f5d0f32/element/d4fae2be-b0cd-4339-b631-662c7167d093/value[39m
[35m[HTTP][39m [90m{"id":"d4fae2be-b0cd-4339-b631-662c7167d093","text":"adrian.paskalis@si.ukdw.ac.id","value":["a","d","r","i","a","n",".","p","a","s","k","a","l","i","s","@","s","i",".","u","k","d","w",".","a","c",".","i","d"]}[39m
[35m[HTTP][39m [37m<-- POST /wd/hub/session/8236c190-4ea6-474b-aca9-eb909f5d0f32/element/d4fae2be-b0cd-4339-b631-662c7167d093/value [39m[32m200[39m [90m1262 ms - 14[39m
[35m[HTTP][39m [90m[39m
[35m[HTTP][39m [37m-->[39m [37mGET[39m [37m/wd/hub/session/8236c190-4ea6-474b-aca9-eb909f5d0f32/source[39m
[35m[HTTP][39m [90m{}[39m
[35m[W3C (8236c190)][39m Driver proxy active, passing request on via HTTP proxy
[35m[WD Proxy][39m Replacing sessionId 24704cd8-13b7-4803-8989-75c7640fb2ee with 8236c190-4ea6-474b-aca9-eb909f5d0f32
[35m[HTTP][39m [37m<-- GET /wd/hub/session/8236c190-4ea6-474b-aca9-eb909f5d0f32/source [39m[32m200[39m [90m524 ms - 4976[39m
[35m[HTTP][39m [90m[39m
[35m[HTTP][39m [37m-->[39m [37mGET[39m [37m/wd/hub/session/8236c190-4ea6-474b-aca9-eb909f5d0f32/screenshot[39m
[35m[HTTP][39m [90m{}[39m
[35m[HTTP][39m [37m<-- GET /wd/hub/session/8236c190-4ea6-474b-aca9-eb909f5d0f32/screenshot [39m[32m200[39m [90m897 ms - 649814[39m
[35m[HTTP][39m [90m[39m
[35m[HTTP][39m [37m-->[39m [37mGET[39m [37m/wd/hub/session/8236c190-4ea6-474b-aca9-eb909f5d0f32/window/rect[39m
[35m[HTTP][39m [90m{}[39m
[35m[HTTP][39m [37m<-- GET /wd/hub/session/8236c190-4ea6-474b-aca9-eb909f5d0f32/window/rect [39m[32m200[39m [90m38 ms - 50[39m
[35m[HTTP][39m [90m[39m
[35m[HTTP][39m [37m-->[39m [37mPOST[39m [37m/wd/hub/session/8236c190-4ea6-474b-aca9-eb909f5d0f32/elements[39m
[35m[HTTP][39m [90m{"using":"xpath","value":"//hierarchy/android.widget.FrameLayout[1]/android.widget.LinearLayout[1]/android.widget.FrameLayout[1]/android.view.ViewGroup[1]/android.widget.FrameLayout[1]/android.view.ViewGroup[1]/android.widget.EditText[2]"}[39m
[35m[HTTP][39m [37m<-- POST /wd/hub/session/8236c190-4ea6-474b-aca9-eb909f5d0f32/elements [39m[32m200[39m [90m201 ms - 139[39m
[35m[HTTP][39m [90m[39m
[35m[HTTP][39m [37m-->[39m [37mGET[39m [37m/wd/hub/session/8236c190-4ea6-474b-aca9-eb909f5d0f32/element/3d55dc9e-829c-4851-9cfa-840cebcecf08/location[39m
[35m[HTTP][39m [90m{}[39m
[35m[W3C (8236c190)][39m Driver proxy active, passing request on via HTTP proxy
[35m[WD Proxy][39m Replacing sessionId 24704cd8-13b7-4803-8989-75c7640fb2ee with 8236c190-4ea6-474b-aca9-eb909f5d0f32
[35m[HTTP][39m [37m<-- GET /wd/hub/session/8236c190-4ea6-474b-aca9-eb909f5d0f32/element/3d55dc9e-829c-4851-9cfa-840cebcecf08/location [39m[32m200[39m [90m33 ms - 79[39m
[35m[HTTP][39m [90m[39m
[35m[HTTP][39m [37m-->[39m [37mPOST[39m [37m/wd/hub/session/8236c190-4ea6-474b-aca9-eb909f5d0f32/touch/perform[39m
[35m[HTTP][39m [90m{"actions":[{"action":"tap","options":{"x":1,"y":1,"element":"3d55dc9e-829c-4851-9cfa-840cebcecf08"}}]}[39m
[35m[UiAutomator2][39m calling get location: 3d55dc9e-829c-4851-9cfa-840cebcecf08
[35m[HTTP][39m [37m<-- POST /wd/hub/session/8236c190-4ea6-474b-aca9-eb909f5d0f32/touch/perform [39m[32m200[39m [90m142 ms - 14[39m
[35m[HTTP][39m [90m[39m
[35m[HTTP][39m [37m-->[39m [37mGET[39m [37m/wd/hub/session/8236c190-4ea6-474b-aca9-eb909f5d0f32/source[39m
[35m[HTTP][39m [90m{}[39m
[35m[W3C (8236c190)][39m Driver proxy active, passing request on via HTTP proxy
[35m[WD Proxy][39m Replacing sessionId 24704cd8-13b7-4803-8989-75c7640fb2ee with 8236c190-4ea6-474b-aca9-eb909f5d0f32
[35m[HTTP][39m [37m<-- GET /wd/hub/session/8236c190-4ea6-474b-aca9-eb909f5d0f32/source [39m[32m200[39m [90m478 ms - 4976[39m
[35m[HTTP][39m [90m[39m
[35m[HTTP][39m [37m-->[39m [37mGET[39m [37m/wd/hub/session/8236c190-4ea6-474b-aca9-eb909f5d0f32/screenshot[39m
[35m[HTTP][39m [90m{}[39m
[35m[HTTP][39m [37m<-- GET /wd/hub/session/8236c190-4ea6-474b-aca9-eb909f5d0f32/screenshot [39m[32m200[39m [90m874 ms - 651218[39m
[35m[HTTP][39m [90m[39m
[35m[HTTP][39m [37m-->[39m [37mGET[39m [37m/wd/hub/session/8236c190-4ea6-474b-aca9-eb909f5d0f32/window/rect[39m
[35m[HTTP][39m [90m{}[39m
[35m[HTTP][39m [37m<-- GET /wd/hub/session/8236c190-4ea6-474b-aca9-eb909f5d0f32/window/rect [39m[32m200[39m [90m39 ms - 50[39m
[35m[HTTP][39m [90m[39m
[35m[HTTP][39m [37m-->[39m [37mPOST[39m [37m/wd/hub/session/8236c190-4ea6-474b-aca9-eb909f5d0f32/elements[39m
[35m[HTTP][39m [90m{"using":"xpath","value":"//hierarchy/android.widget.FrameLayout[1]/android.widget.LinearLayout[1]/android.widget.FrameLayout[1]/android.view.ViewGroup[1]/android.widget.FrameLayout[1]/android.view.ViewGroup[1]/android.widget.EditText[2]"}[39m
[35m[HTTP][39m [37m<-- POST /wd/hub/session/8236c190-4ea6-474b-aca9-eb909f5d0f32/elements [39m[32m200[39m [90m204 ms - 139[39m
[35m[HTTP][39m [90m[39m
[35m[HTTP][39m [37m-->[39m [37mGET[39m [37m/wd/hub/session/8236c190-4ea6-474b-aca9-eb909f5d0f32/element/81c9a1cf-d7fe-4a62-a58a-f0bdbdc5cb8e/location[39m
[35m[HTTP][39m [90m{}[39m
[35m[W3C (8236c190)][39m Driver proxy active, passing request on via HTTP proxy
[35m[WD Proxy][39m Replacing sessionId 24704cd8-13b7-4803-8989-75c7640fb2ee with 8236c190-4ea6-474b-aca9-eb909f5d0f32
[35m[HTTP][39m [37m<-- GET /wd/hub/session/8236c190-4ea6-474b-aca9-eb909f5d0f32/element/81c9a1cf-d7fe-4a62-a58a-f0bdbdc5cb8e/location [39m[32m200[39m [90m62 ms - 79[39m
[35m[HTTP][39m [90m[39m
[35m[HTTP][39m [37m-->[39m [37mPOST[39m [37m/wd/hub/session/8236c190-4ea6-474b-aca9-eb909f5d0f32/element/81c9a1cf-d7fe-4a62-a58a-f0bdbdc5cb8e/clear[39m
[35m[HTTP][39m [90m{"id":"81c9a1cf-d7fe-4a62-a58a-f0bdbdc5cb8e"}[39m
[35m[HTTP][39m [37m<-- POST /wd/hub/session/8236c190-4ea6-474b-aca9-eb909f5d0f32/element/81c9a1cf-d7fe-4a62-a58a-f0bdbdc5cb8e/clear [39m[32m200[39m [90m86 ms - 14[39m
[35m[HTTP][39m [90m[39m
[35m[HTTP][39m [37m-->[39m [37mGET[39m [37m/wd/hub/session/8236c190-4ea6-474b-aca9-eb909f5d0f32/source[39m
[35m[HTTP][39m [90m{}[39m
[35m[W3C (8236c190)][39m Driver proxy active, passing request on via HTTP proxy
[35m[WD Proxy][39m Replacing sessionId 24704cd8-13b7-4803-8989-75c7640fb2ee with 8236c190-4ea6-474b-aca9-eb909f5d0f32
[35m[HTTP][39m [37m<-- GET /wd/hub/session/8236c190-4ea6-474b-aca9-eb909f5d0f32/source [39m[32m200[39m [90m119 ms - 4968[39m
[35m[HTTP][39m [90m[39m
[35m[HTTP][39m [37m-->[39m [37mGET[39m [37m/wd/hub/session/8236c190-4ea6-474b-aca9-eb909f5d0f32/screenshot[39m
[35m[HTTP][39m [90m{}[39m
[35m[HTTP][39m [37m<-- GET /wd/hub/session/8236c190-4ea6-474b-aca9-eb909f5d0f32/screenshot [39m[32m200[39m [90m990 ms - 641526[39m
[35m[HTTP][39m [90m[39m
[35m[HTTP][39m [37m-->[39m [37mGET[39m [37m/wd/hub/session/8236c190-4ea6-474b-aca9-eb909f5d0f32/window/rect[39m
[35m[HTTP][39m [90m{}[39m
[35m[HTTP][39m [37m<-- GET /wd/hub/session/8236c190-4ea6-474b-aca9-eb909f5d0f32/window/rect [39m[32m200[39m [90m39 ms - 50[39m
[35m[HTTP][39m [90m[39m
[35m[HTTP][39m [37m-->[39m [37mPOST[39m [37m/wd/hub/session/8236c190-4ea6-474b-aca9-eb909f5d0f32/elements[39m
[35m[HTTP][39m [90m{"using":"xpath","value":"//hierarchy/android.widget.FrameLayout[1]/android.widget.LinearLayout[1]/android.widget.FrameLayout[1]/android.view.ViewGroup[1]/android.widget.FrameLayout[1]/android.view.ViewGroup[1]/android.widget.EditText[2]"}[39m
[35m[HTTP][39m [37m<-- POST /wd/hub/session/8236c190-4ea6-474b-aca9-eb909f5d0f32/elements [39m[32m200[39m [90m178 ms - 139[39m
[35m[HTTP][39m [90m[39m
[35m[HTTP][39m [37m-->[39m [37mGET[39m [37m/wd/hub/session/8236c190-4ea6-474b-aca9-eb909f5d0f32/element/7d13e6f1-2e40-41f2-add4-6c9971ec7c90/location[39m
[35m[HTTP][39m [90m{}[39m
[35m[W3C (8236c190)][39m Driver proxy active, passing request on via HTTP proxy
[35m[WD Proxy][39m Replacing sessionId 24704cd8-13b7-4803-8989-75c7640fb2ee with 8236c190-4ea6-474b-aca9-eb909f5d0f32
[35m[HTTP][39m [37m<-- GET /wd/hub/session/8236c190-4ea6-474b-aca9-eb909f5d0f32/element/7d13e6f1-2e40-41f2-add4-6c9971ec7c90/location [39m[32m200[39m [90m45 ms - 79[39m
[35m[HTTP][39m [90m[39m
[35m[HTTP][39m [37m-->[39m [37mPOST[39m [37m/wd/hub/session/8236c190-4ea6-474b-aca9-eb909f5d0f32/element/7d13e6f1-2e40-41f2-add4-6c9971ec7c90/clear[39m
[35m[HTTP][39m [90m{"id":"7d13e6f1-2e40-41f2-add4-6c9971ec7c90"}[39m
[35m[HTTP][39m [37m<-- POST /wd/hub/session/8236c190-4ea6-474b-aca9-eb909f5d0f32/element/7d13e6f1-2e40-41f2-add4-6c9971ec7c90/clear [39m[32m200[39m [90m85 ms - 14[39m
[35m[HTTP][39m [90m[39m
[35m[HTTP][39m [37m-->[39m [37mPOST[39m [37m/wd/hub/session/8236c190-4ea6-474b-aca9-eb909f5d0f32/element/7d13e6f1-2e40-41f2-add4-6c9971ec7c90/value[39m
[35m[HTTP][39m [90m{"id":"7d13e6f1-2e40-41f2-add4-6c9971ec7c90","text":"admin","value":["a","d","m","i","n"]}[39m
[35m[HTTP][39m [37m<-- POST /wd/hub/session/8236c190-4ea6-474b-aca9-eb909f5d0f32/element/7d13e6f1-2e40-41f2-add4-6c9971ec7c90/value [39m[32m200[39m [90m590 ms - 14[39m
[35m[HTTP][39m [90m[39m
[35m[HTTP][39m [37m-->[39m [37mGET[39m [37m/wd/hub/session/8236c190-4ea6-474b-aca9-eb909f5d0f32/source[39m
[35m[HTTP][39m [90m{}[39m
[35m[W3C (8236c190)][39m Driver proxy active, passing request on via HTTP proxy
[35m[WD Proxy][39m Replacing sessionId 24704cd8-13b7-4803-8989-75c7640fb2ee with 8236c190-4ea6-474b-aca9-eb909f5d0f32
[35m[HTTP][39m [37m<-- GET /wd/hub/session/8236c190-4ea6-474b-aca9-eb909f5d0f32/source [39m[32m200[39m [90m113 ms - 4973[39m
[35m[HTTP][39m [90m[39m
[35m[HTTP][39m [37m-->[39m [37mGET[39m [37m/wd/hub/session/8236c190-4ea6-474b-aca9-eb909f5d0f32/screenshot[39m
[35m[HTTP][39m [90m{}[39m
[35m[HTTP][39m [37m<-- GET /wd/hub/session/8236c190-4ea6-474b-aca9-eb909f5d0f32/screenshot [39m[32m200[39m [90m938 ms - 645402[39m
[35m[HTTP][39m [90m[39m
[35m[HTTP][39m [37m-->[39m [37mGET[39m [37m/wd/hub/session/8236c190-4ea6-474b-aca9-eb909f5d0f32/context[39m
[35m[HTTP][39m [90m{}[39m
[35m[HTTP][39m [37m<-- GET /wd/hub/session/8236c190-4ea6-474b-aca9-eb909f5d0f32/context [39m[32m200[39m [90m3 ms - 22[39m
[35m[HTTP][39m [90m[39m
[35m[HTTP][39m [37m-->[39m [37mGET[39m [37m/wd/hub/session/8236c190-4ea6-474b-aca9-eb909f5d0f32/contexts[39m
[35m[HTTP][39m [90m{}[39m
[35m[AndroidDriver][39m Not checking whether webviews have active pages; use the 'ensureWebviewsHavePages' cap to turn this check on
[35m[HTTP][39m [37m<-- GET /wd/hub/session/8236c190-4ea6-474b-aca9-eb909f5d0f32/contexts [39m[32m200[39m [90m272 ms - 41[39m
[35m[HTTP][39m [90m[39m
[35m[HTTP][39m [37m-->[39m [37mPOST[39m [37m/wd/hub/session/8236c190-4ea6-474b-aca9-eb909f5d0f32/context[39m
[35m[HTTP][39m [90m{"name":"NATIVE_APP"}[39m
[35m[HTTP][39m [37m<-- POST /wd/hub/session/8236c190-4ea6-474b-aca9-eb909f5d0f32/context [39m[32m200[39m [90m2 ms - 14[39m
[35m[HTTP][39m [90m[39m
[35m[HTTP][39m [37m-->[39m [37mPOST[39m [37m/wd/hub/session/8236c190-4ea6-474b-aca9-eb909f5d0f32/appium/device/hide_keyboard[39m
[35m[HTTP][39m [90m{}[39m
[35m[HTTP][39m [37m<-- POST /wd/hub/session/8236c190-4ea6-474b-aca9-eb909f5d0f32/appium/device/hide_keyboard [39m[32m200[39m [90m2899 ms - 14[39m
[35m[HTTP][39m [90m[39m
[35m[HTTP][39m [37m-->[39m [37mPOST[39m [37m/wd/hub/session/8236c190-4ea6-474b-aca9-eb909f5d0f32/context[39m
[35m[HTTP][39m [90m{"name":"NATIVE_APP"}[39m
[35m[HTTP][39m [37m<-- POST /wd/hub/session/8236c190-4ea6-474b-aca9-eb909f5d0f32/context [39m[32m200[39m [90m1 ms - 14[39m
[35m[HTTP][39m [90m[39m
[35m[HTTP][39m [37m-->[39m [37mGET[39m [37m/wd/hub/session/8236c190-4ea6-474b-aca9-eb909f5d0f32/source[39m
[35m[HTTP][39m [90m{}[39m
[35m[W3C (8236c190)][39m Driver proxy active, passing request on via HTTP proxy
[35m[WD Proxy][39m Replacing sessionId 24704cd8-13b7-4803-8989-75c7640fb2ee with 8236c190-4ea6-474b-aca9-eb909f5d0f32
[35m[HTTP][39m [37m<-- GET /wd/hub/session/8236c190-4ea6-474b-aca9-eb909f5d0f32/source [39m[32m200[39m [90m415 ms - 4973[39m
[35m[HTTP][39m [90m[39m
[35m[HTTP][39m [37m-->[39m [37mGET[39m [37m/wd/hub/session/8236c190-4ea6-474b-aca9-eb909f5d0f32/screenshot[39m
[35m[HTTP][39m [90m{}[39m
[35m[HTTP][39m [37m<-- GET /wd/hub/session/8236c190-4ea6-474b-aca9-eb909f5d0f32/screenshot [39m[32m200[39m [90m911 ms - 561818[39m
[35m[HTTP][39m [90m[39m
[35m[HTTP][39m [37m-->[39m [37mGET[39m [37m/wd/hub/session/8236c190-4ea6-474b-aca9-eb909f5d0f32/window/rect[39m
[35m[HTTP][39m [90m{}[39m
[35m[HTTP][39m [37m<-- GET /wd/hub/session/8236c190-4ea6-474b-aca9-eb909f5d0f32/window/rect [39m[32m200[39m [90m34 ms - 50[39m
[35m[HTTP][39m [90m[39m
[35m[HTTP][39m [37m-->[39m [37mPOST[39m [37m/wd/hub/session/8236c190-4ea6-474b-aca9-eb909f5d0f32/elements[39m
[35m[HTTP][39m [90m{"using":"xpath","value":"//hierarchy/android.widget.FrameLayout[1]/android.widget.LinearLayout[1]/android.widget.FrameLayout[1]/android.view.ViewGroup[1]/android.widget.FrameLayout[1]/android.view.ViewGroup[1]/android.widget.Button[1]"}[39m
[35m[HTTP][39m [37m<-- POST /wd/hub/session/8236c190-4ea6-474b-aca9-eb909f5d0f32/elements [39m[32m200[39m [90m482 ms - 139[39m
[35m[HTTP][39m [90m[39m
[35m[HTTP][39m [37m-->[39m [37mGET[39m [37m/wd/hub/session/8236c190-4ea6-474b-aca9-eb909f5d0f32/element/90330969-597d-490a-807b-e4f4da851d89/location[39m
[35m[HTTP][39m [90m{}[39m
[35m[W3C (8236c190)][39m Driver proxy active, passing request on via HTTP proxy
[35m[WD Proxy][39m Replacing sessionId 24704cd8-13b7-4803-8989-75c7640fb2ee with 8236c190-4ea6-474b-aca9-eb909f5d0f32
[35m[HTTP][39m [37m<-- GET /wd/hub/session/8236c190-4ea6-474b-aca9-eb909f5d0f32/element/90330969-597d-490a-807b-e4f4da851d89/location [39m[32m200[39m [90m34 ms - 79[39m
[35m[HTTP][39m [90m[39m
[35m[HTTP][39m [37m-->[39m [37mPOST[39m [37m/wd/hub/session/8236c190-4ea6-474b-aca9-eb909f5d0f32/touch/perform[39m
[35m[HTTP][39m [90m{"actions":[{"action":"tap","options":{"x":1,"y":1,"element":"90330969-597d-490a-807b-e4f4da851d89"}}]}[39m
[35m[UiAutomator2][39m calling get location: 90330969-597d-490a-807b-e4f4da851d89
[35m[HTTP][39m [37m<-- POST /wd/hub/session/8236c190-4ea6-474b-aca9-eb909f5d0f32/touch/perform [39m[32m200[39m [90m110 ms - 14[39m
[35m[HTTP][39m [90m[39m
[35m[HTTP][39m [37m-->[39m [37mGET[39m [37m/wd/hub/session/8236c190-4ea6-474b-aca9-eb909f5d0f32/source[39m
[35m[HTTP][39m [90m{}[39m
[35m[W3C (8236c190)][39m Driver proxy active, passing request on via HTTP proxy
[35m[WD Proxy][39m Replacing sessionId 24704cd8-13b7-4803-8989-75c7640fb2ee with 8236c190-4ea6-474b-aca9-eb909f5d0f32
[35m[HTTP][39m [37m<-- GET /wd/hub/session/8236c190-4ea6-474b-aca9-eb909f5d0f32/source [39m[32m200[39m [90m398 ms - 7694[39m
[35m[HTTP][39m [90m[39m
[35m[HTTP][39m [37m-->[39m [37mGET[39m [37m/wd/hub/session/8236c190-4ea6-474b-aca9-eb909f5d0f32/screenshot[39m
[35m[HTTP][39m [90m{}[39m
[35m[HTTP][39m [37m<-- GET /wd/hub/session/8236c190-4ea6-474b-aca9-eb909f5d0f32/screenshot [39m[32m200[39m [90m625 ms - 124066[39m
[35m[HTTP][39m [90m[39m
[35m[HTTP][39m [37m-->[39m [37mGET[39m [37m/wd/hub/session/8236c190-4ea6-474b-aca9-eb909f5d0f32/window/rect[39m
[35m[HTTP][39m [90m{}[39m
[35m[HTTP][39m [37m<-- GET /wd/hub/session/8236c190-4ea6-474b-aca9-eb909f5d0f32/window/rect [39m[32m200[39m [90m39 ms - 50[39m
[35m[HTTP][39m [90m[39m
[35m[HTTP][39m [37m-->[39m [37mPOST[39m [37m/wd/hub/session/8236c190-4ea6-474b-aca9-eb909f5d0f32/elements[39m
[35m[HTTP][39m [90m{"using":"xpath","value":"//hierarchy/android.widget.FrameLayout[1]/android.widget.LinearLayout[1]/android.widget.FrameLayout[1]/android.view.ViewGroup[1]/android.widget.FrameLayout[2]/android.view.ViewGroup[1]/android.widget.ImageButton[1]"}[39m
[35m[HTTP][39m [37m<-- POST /wd/hub/session/8236c190-4ea6-474b-aca9-eb909f5d0f32/elements [39m[32m200[39m [90m163 ms - 139[39m
[35m[HTTP][39m [90m[39m
[35m[HTTP][39m [37m-->[39m [37mGET[39m [37m/wd/hub/session/8236c190-4ea6-474b-aca9-eb909f5d0f32/element/37fc2759-1172-49cd-a50d-31514d753d8a/location[39m
[35m[HTTP][39m [90m{}[39m
[35m[W3C (8236c190)][39m Driver proxy active, passing request on via HTTP proxy
[35m[WD Proxy][39m Replacing sessionId 24704cd8-13b7-4803-8989-75c7640fb2ee with 8236c190-4ea6-474b-aca9-eb909f5d0f32
[35m[HTTP][39m [37m<-- GET /wd/hub/session/8236c190-4ea6-474b-aca9-eb909f5d0f32/element/37fc2759-1172-49cd-a50d-31514d753d8a/location [39m[32m200[39m [90m37 ms - 77[39m
[35m[HTTP][39m [90m[39m
[35m[HTTP][39m [37m-->[39m [37mPOST[39m [37m/wd/hub/session/8236c190-4ea6-474b-aca9-eb909f5d0f32/touch/perform[39m
[35m[HTTP][39m [90m{"actions":[{"action":"tap","options":{"x":1,"y":1,"element":"37fc2759-1172-49cd-a50d-31514d753d8a"}}]}[39m
[35m[UiAutomator2][39m calling get location: 37fc2759-1172-49cd-a50d-31514d753d8a
[35m[HTTP][39m [37m<-- POST /wd/hub/session/8236c190-4ea6-474b-aca9-eb909f5d0f32/touch/perform [39m[32m200[39m [90m97 ms - 14[39m
[35m[HTTP][39m [90m[39m
[35m[HTTP][39m [37m-->[39m [37mGET[39m [37m/wd/hub/session/8236c190-4ea6-474b-aca9-eb909f5d0f32/source[39m
[35m[HTTP][39m [90m{}[39m
[35m[W3C (8236c190)][39m Driver proxy active, passing request on via HTTP proxy
[35m[WD Proxy][39m Replacing sessionId 24704cd8-13b7-4803-8989-75c7640fb2ee with 8236c190-4ea6-474b-aca9-eb909f5d0f32
[35m[HTTP][39m [37m<-- GET /wd/hub/session/8236c190-4ea6-474b-aca9-eb909f5d0f32/source [39m[32m200[39m [90m546 ms - 14804[39m
[35m[HTTP][39m [90m[39m
[35m[HTTP][39m [37m-->[39m [37mGET[39m [37m/wd/hub/session/8236c190-4ea6-474b-aca9-eb909f5d0f32/screenshot[39m
[35m[HTTP][39m [90m{}[39m
[35m[HTTP][39m [37m<-- GET /wd/hub/session/8236c190-4ea6-474b-aca9-eb909f5d0f32/screenshot [39m[32m200[39m [90m759 ms - 119756[39m
[35m[HTTP][39m [90m[39m
[35m[HTTP][39m [37m-->[39m [37mGET[39m [37m/wd/hub/session/8236c190-4ea6-474b-aca9-eb909f5d0f32/window/rect[39m
[35m[HTTP][39m [90m{}[39m
[35m[HTTP][39m [37m<-- GET /wd/hub/session/8236c190-4ea6-474b-aca9-eb909f5d0f32/window/rect [39m[32m200[39m [90m49 ms - 50[39m
[35m[HTTP][39m [90m[39m
[35m[HTTP][39m [37m-->[39m [37mPOST[39m [37m/wd/hub/session/8236c190-4ea6-474b-aca9-eb909f5d0f32/elements[39m
[35m[HTTP][39m [90m{"using":"xpath","value":"//hierarchy/android.widget.FrameLayout[1]/android.widget.LinearLayout[1]/android.widget.FrameLayout[1]/android.view.ViewGroup[1]/android.widget.FrameLayout[2]/android.view.ViewGroup[1]/android.widget.LinearLayout[1]/android.widget.LinearLayout[1]/android.widget.LinearLayout[1]/android.widget.FrameLayout[1]/android.widget.EditText[1]"}[39m
[35m[HTTP][39m [37m<-- POST /wd/hub/session/8236c190-4ea6-474b-aca9-eb909f5d0f32/elements [39m[32m200[39m [90m463 ms - 139[39m
[35m[HTTP][39m [90m[39m
[35m[HTTP][39m [37m-->[39m [37mGET[39m [37m/wd/hub/session/8236c190-4ea6-474b-aca9-eb909f5d0f32/element/a958cf8b-5c87-4f56-bea6-b3ca883bf3b2/location[39m
[35m[HTTP][39m [90m{}[39m
[35m[W3C (8236c190)][39m Driver proxy active, passing request on via HTTP proxy
[35m[WD Proxy][39m Replacing sessionId 24704cd8-13b7-4803-8989-75c7640fb2ee with 8236c190-4ea6-474b-aca9-eb909f5d0f32
[35m[HTTP][39m [37m<-- GET /wd/hub/session/8236c190-4ea6-474b-aca9-eb909f5d0f32/element/a958cf8b-5c87-4f56-bea6-b3ca883bf3b2/location [39m[32m200[39m [90m41 ms - 77[39m
[35m[HTTP][39m [90m[39m
[35m[HTTP][39m [37m-->[39m [37mPOST[39m [37m/wd/hub/session/8236c190-4ea6-474b-aca9-eb909f5d0f32/touch/perform[39m
[35m[HTTP][39m [90m{"actions":[{"action":"tap","options":{"x":1,"y":1,"element":"a958cf8b-5c87-4f56-bea6-b3ca883bf3b2"}}]}[39m
[35m[UiAutomator2][39m calling get location: a958cf8b-5c87-4f56-bea6-b3ca883bf3b2
[35m[HTTP][39m [37m<-- POST /wd/hub/session/8236c190-4ea6-474b-aca9-eb909f5d0f32/touch/perform [39m[32m200[39m [90m143 ms - 14[39m
[35m[HTTP][39m [90m[39m
[35m[HTTP][39m [37m-->[39m [37mGET[39m [37m/wd/hub/session/8236c190-4ea6-474b-aca9-eb909f5d0f32/source[39m
[35m[HTTP][39m [90m{}[39m
[35m[W3C (8236c190)][39m Driver proxy active, passing request on via HTTP proxy
[35m[WD Proxy][39m Replacing sessionId 24704cd8-13b7-4803-8989-75c7640fb2ee with 8236c190-4ea6-474b-aca9-eb909f5d0f32
[35m[HTTP][39m [37m<-- GET /wd/hub/session/8236c190-4ea6-474b-aca9-eb909f5d0f32/source [39m[32m200[39m [90m774 ms - 14370[39m
[35m[HTTP][39m [90m[39m
[35m[HTTP][39m [37m-->[39m [37mGET[39m [37m/wd/hub/session/8236c190-4ea6-474b-aca9-eb909f5d0f32/screenshot[39m
[35m[HTTP][39m [90m{}[39m
[35m[HTTP][39m [37m<-- GET /wd/hub/session/8236c190-4ea6-474b-aca9-eb909f5d0f32/screenshot [39m[32m200[39m [90m736 ms - 201360[39m
[35m[HTTP][39m [90m[39m
[35m[HTTP][39m [37m-->[39m [37mGET[39m [37m/wd/hub/session/8236c190-4ea6-474b-aca9-eb909f5d0f32/window/rect[39m
[35m[HTTP][39m [90m{}[39m
[35m[HTTP][39m [37m<-- GET /wd/hub/session/8236c190-4ea6-474b-aca9-eb909f5d0f32/window/rect [39m[32m200[39m [90m41 ms - 50[39m
[35m[HTTP][39m [90m[39m
[35m[HTTP][39m [37m-->[39m [37mPOST[39m [37m/wd/hub/session/8236c190-4ea6-474b-aca9-eb909f5d0f32/elements[39m
[35m[HTTP][39m [90m{"using":"xpath","value":"//hierarchy/android.widget.FrameLayout[1]/android.widget.LinearLayout[1]/android.widget.FrameLayout[1]/android.view.ViewGroup[1]/android.widget.FrameLayout[2]/android.view.ViewGroup[1]/android.widget.LinearLayout[1]/android.widget.LinearLayout[1]/android.widget.LinearLayout[1]/android.widget.FrameLayout[1]/android.widget.EditText[1]"}[39m
[35m[HTTP][39m [37m<-- POST /wd/hub/session/8236c190-4ea6-474b-aca9-eb909f5d0f32/elements [39m[32m200[39m [90m192 ms - 139[39m
[35m[HTTP][39m [90m[39m
[35m[HTTP][39m [37m-->[39m [37mGET[39m [37m/wd/hub/session/8236c190-4ea6-474b-aca9-eb909f5d0f32/element/6ae78e17-9313-435e-9855-15b98b3e7a61/location[39m
[35m[HTTP][39m [90m{}[39m
[35m[W3C (8236c190)][39m Driver proxy active, passing request on via HTTP proxy
[35m[WD Proxy][39m Replacing sessionId 24704cd8-13b7-4803-8989-75c7640fb2ee with 8236c190-4ea6-474b-aca9-eb909f5d0f32
[35m[HTTP][39m [37m<-- GET /wd/hub/session/8236c190-4ea6-474b-aca9-eb909f5d0f32/element/6ae78e17-9313-435e-9855-15b98b3e7a61/location [39m[32m200[39m [90m48 ms - 77[39m
[35m[HTTP][39m [90m[39m
[35m[HTTP][39m [37m-->[39m [37mPOST[39m [37m/wd/hub/session/8236c190-4ea6-474b-aca9-eb909f5d0f32/element/6ae78e17-9313-435e-9855-15b98b3e7a61/clear[39m
[35m[HTTP][39m [90m{"id":"6ae78e17-9313-435e-9855-15b98b3e7a61"}[39m
[35m[HTTP][39m [37m<-- POST /wd/hub/session/8236c190-4ea6-474b-aca9-eb909f5d0f32/element/6ae78e17-9313-435e-9855-15b98b3e7a61/clear [39m[32m200[39m [90m83 ms - 14[39m
[35m[HTTP][39m [90m[39m
[35m[HTTP][39m [37m-->[39m [37mPOST[39m [37m/wd/hub/session/8236c190-4ea6-474b-aca9-eb909f5d0f32/element/6ae78e17-9313-435e-9855-15b98b3e7a61/value[39m
[35m[HTTP][39m [90m{"id":"6ae78e17-9313-435e-9855-15b98b3e7a61","text":"Adrian Paskalis","value":["A","d","r","i","a","n"," ","P","a","s","k","a","l","i","s"]}[39m
[35m[HTTP][39m [37m<-- POST /wd/hub/session/8236c190-4ea6-474b-aca9-eb909f5d0f32/element/6ae78e17-9313-435e-9855-15b98b3e7a61/value [39m[32m200[39m [90m1164 ms - 14[39m
[35m[HTTP][39m [90m[39m
[35m[HTTP][39m [37m-->[39m [37mGET[39m [37m/wd/hub/session/8236c190-4ea6-474b-aca9-eb909f5d0f32/source[39m
[35m[HTTP][39m [90m{}[39m
[35m[W3C (8236c190)][39m Driver proxy active, passing request on via HTTP proxy
[35m[WD Proxy][39m Replacing sessionId 24704cd8-13b7-4803-8989-75c7640fb2ee with 8236c190-4ea6-474b-aca9-eb909f5d0f32
[35m[HTTP][39m [37m<-- GET /wd/hub/session/8236c190-4ea6-474b-aca9-eb909f5d0f32/source [39m[32m200[39m [90m176 ms - 14371[39m
[35m[HTTP][39m [90m[39m
[35m[HTTP][39m [37m-->[39m [37mGET[39m [37m/wd/hub/session/8236c190-4ea6-474b-aca9-eb909f5d0f32/screenshot[39m
[35m[HTTP][39m [90m{}[39m
[35m[HTTP][39m [37m<-- GET /wd/hub/session/8236c190-4ea6-474b-aca9-eb909f5d0f32/screenshot [39m[32m200[39m [90m728 ms - 202542[39m
[35m[HTTP][39m [90m[39m
[35m[HTTP][39m [37m-->[39m [37mGET[39m [37m/wd/hub/session/8236c190-4ea6-474b-aca9-eb909f5d0f32/window/rect[39m
[35m[HTTP][39m [90m{}[39m
[35m[HTTP][39m [37m<-- GET /wd/hub/session/8236c190-4ea6-474b-aca9-eb909f5d0f32/window/rect [39m[32m200[39m [90m46 ms - 50[39m
[35m[HTTP][39m [90m[39m
[35m[HTTP][39m [37m-->[39m [37mPOST[39m [37m/wd/hub/session/8236c190-4ea6-474b-aca9-eb909f5d0f32/elements[39m
[35m[HTTP][39m [90m{"using":"xpath","value":"//hierarchy/android.widget.FrameLayout[1]/android.widget.LinearLayout[1]/android.widget.FrameLayout[1]/android.view.ViewGroup[1]/android.widget.FrameLayout[2]/android.view.ViewGroup[1]/android.widget.LinearLayout[1]/android.widget.LinearLayout[2]/android.widget.LinearLayout[1]/android.widget.FrameLayout[1]/android.widget.EditText[1]"}[39m
[35m[HTTP][39m [37m<-- POST /wd/hub/session/8236c190-4ea6-474b-aca9-eb909f5d0f32/elements [39m[32m200[39m [90m230 ms - 139[39m
[35m[HTTP][39m [90m[39m
[35m[HTTP][39m [37m-->[39m [37mGET[39m [37m/wd/hub/session/8236c190-4ea6-474b-aca9-eb909f5d0f32/element/bfa9a97b-994e-4a18-bc82-ebc28202c1b0/location[39m
[35m[HTTP][39m [90m{}[39m
[35m[W3C (8236c190)][39m Driver proxy active, passing request on via HTTP proxy
[35m[WD Proxy][39m Replacing sessionId 24704cd8-13b7-4803-8989-75c7640fb2ee with 8236c190-4ea6-474b-aca9-eb909f5d0f32
[35m[HTTP][39m [37m<-- GET /wd/hub/session/8236c190-4ea6-474b-aca9-eb909f5d0f32/element/bfa9a97b-994e-4a18-bc82-ebc28202c1b0/location [39m[32m200[39m [90m62 ms - 77[39m
[35m[HTTP][39m [90m[39m
[35m[HTTP][39m [37m-->[39m [37mPOST[39m [37m/wd/hub/session/8236c190-4ea6-474b-aca9-eb909f5d0f32/touch/perform[39m
[35m[HTTP][39m [90m{"actions":[{"action":"tap","options":{"x":1,"y":1,"element":"bfa9a97b-994e-4a18-bc82-ebc28202c1b0"}}]}[39m
[35m[UiAutomator2][39m calling get location: bfa9a97b-994e-4a18-bc82-ebc28202c1b0
[35m[HTTP][39m [37m<-- POST /wd/hub/session/8236c190-4ea6-474b-aca9-eb909f5d0f32/touch/perform [39m[32m200[39m [90m138 ms - 14[39m
[35m[HTTP][39m [90m[39m
[35m[HTTP][39m [37m-->[39m [37mGET[39m [37m/wd/hub/session/8236c190-4ea6-474b-aca9-eb909f5d0f32/source[39m
[35m[HTTP][39m [90m{}[39m
[35m[W3C (8236c190)][39m Driver proxy active, passing request on via HTTP proxy
[35m[WD Proxy][39m Replacing sessionId 24704cd8-13b7-4803-8989-75c7640fb2ee with 8236c190-4ea6-474b-aca9-eb909f5d0f32
[35m[HTTP][39m [37m<-- GET /wd/hub/session/8236c190-4ea6-474b-aca9-eb909f5d0f32/source [39m[32m200[39m [90m704 ms - 14371[39m
[35m[HTTP][39m [90m[39m
[35m[HTTP][39m [37m-->[39m [37mGET[39m [37m/wd/hub/session/8236c190-4ea6-474b-aca9-eb909f5d0f32/screenshot[39m
[35m[HTTP][39m [90m{}[39m
[35m[HTTP][39m [37m<-- GET /wd/hub/session/8236c190-4ea6-474b-aca9-eb909f5d0f32/screenshot [39m[32m200[39m [90m742 ms - 200556[39m
[35m[HTTP][39m [90m[39m
[35m[HTTP][39m [37m-->[39m [37mGET[39m [37m/wd/hub/session/8236c190-4ea6-474b-aca9-eb909f5d0f32/window/rect[39m
[35m[HTTP][39m [90m{}[39m
[35m[HTTP][39m [37m<-- GET /wd/hub/session/8236c190-4ea6-474b-aca9-eb909f5d0f32/window/rect [39m[32m200[39m [90m31 ms - 50[39m
[35m[HTTP][39m [90m[39m
[35m[HTTP][39m [37m-->[39m [37mPOST[39m [37m/wd/hub/session/8236c190-4ea6-474b-aca9-eb909f5d0f32/elements[39m
[35m[HTTP][39m [90m{"using":"xpath","value":"//hierarchy/android.widget.FrameLayout[1]/android.widget.LinearLayout[1]/android.widget.FrameLayout[1]/android.view.ViewGroup[1]/android.widget.FrameLayout[2]/android.view.ViewGroup[1]/android.widget.LinearLayout[1]/android.widget.LinearLayout[2]/android.widget.LinearLayout[1]/android.widget.FrameLayout[1]/android.widget.EditText[1]"}[39m
[35m[HTTP][39m [37m<-- POST /wd/hub/session/8236c190-4ea6-474b-aca9-eb909f5d0f32/elements [39m[32m200[39m [90m210 ms - 139[39m
[35m[HTTP][39m [90m[39m
[35m[HTTP][39m [37m-->[39m [37mGET[39m [37m/wd/hub/session/8236c190-4ea6-474b-aca9-eb909f5d0f32/element/1456aae6-a299-484b-98a1-09df221860d6/location[39m
[35m[HTTP][39m [90m{}[39m
[35m[W3C (8236c190)][39m Driver proxy active, passing request on via HTTP proxy
[35m[WD Proxy][39m Replacing sessionId 24704cd8-13b7-4803-8989-75c7640fb2ee with 8236c190-4ea6-474b-aca9-eb909f5d0f32
[35m[HTTP][39m [37m<-- GET /wd/hub/session/8236c190-4ea6-474b-aca9-eb909f5d0f32/element/1456aae6-a299-484b-98a1-09df221860d6/location [39m[32m200[39m [90m33 ms - 77[39m
[35m[HTTP][39m [90m[39m
[35m[HTTP][39m [37m-->[39m [37mPOST[39m [37m/wd/hub/session/8236c190-4ea6-474b-aca9-eb909f5d0f32/element/1456aae6-a299-484b-98a1-09df221860d6/clear[39m
[35m[HTTP][39m [90m{"id":"1456aae6-a299-484b-98a1-09df221860d6"}[39m
[35m[HTTP][39m [37m<-- POST /wd/hub/session/8236c190-4ea6-474b-aca9-eb909f5d0f32/element/1456aae6-a299-484b-98a1-09df221860d6/clear [39m[32m200[39m [90m51 ms - 14[39m
[35m[HTTP][39m [90m[39m
[35m[HTTP][39m [37m-->[39m [37mPOST[39m [37m/wd/hub/session/8236c190-4ea6-474b-aca9-eb909f5d0f32/element/1456aae6-a299-484b-98a1-09df221860d6/value[39m
[35m[HTTP][39m [90m{"id":"1456aae6-a299-484b-98a1-09df221860d6","text":"72170125","value":["7","2","1","7","0","1","2","5"]}[39m
[35m[HTTP][39m [37m<-- POST /wd/hub/session/8236c190-4ea6-474b-aca9-eb909f5d0f32/element/1456aae6-a299-484b-98a1-09df221860d6/value [39m[32m200[39m [90m1137 ms - 14[39m
[35m[HTTP][39m [90m[39m
[35m[HTTP][39m [37m-->[39m [37mGET[39m [37m/wd/hub/session/8236c190-4ea6-474b-aca9-eb909f5d0f32/source[39m
[35m[HTTP][39m [90m{}[39m
[35m[W3C (8236c190)][39m Driver proxy active, passing request on via HTTP proxy
[35m[WD Proxy][39m Replacing sessionId 24704cd8-13b7-4803-8989-75c7640fb2ee with 8236c190-4ea6-474b-aca9-eb909f5d0f32
[35m[HTTP][39m [37m<-- GET /wd/hub/session/8236c190-4ea6-474b-aca9-eb909f5d0f32/source [39m[32m200[39m [90m497 ms - 14366[39m
[35m[HTTP][39m [90m[39m
[35m[HTTP][39m [37m-->[39m [37mGET[39m [37m/wd/hub/session/8236c190-4ea6-474b-aca9-eb909f5d0f32/screenshot[39m
[35m[HTTP][39m [90m{}[39m
[35m[HTTP][39m [37m<-- GET /wd/hub/session/8236c190-4ea6-474b-aca9-eb909f5d0f32/screenshot [39m[32m200[39m [90m675 ms - 206240[39m
[35m[HTTP][39m [90m[39m
[35m[HTTP][39m [37m-->[39m [37mGET[39m [37m/wd/hub/session/8236c190-4ea6-474b-aca9-eb909f5d0f32/window/rect[39m
[35m[HTTP][39m [90m{}[39m
[35m[HTTP][39m [37m<-- GET /wd/hub/session/8236c190-4ea6-474b-aca9-eb909f5d0f32/window/rect [39m[32m200[39m [90m29 ms - 50[39m
[35m[HTTP][39m [90m[39m
[35m[HTTP][39m [37m-->[39m [37mPOST[39m [37m/wd/hub/session/8236c190-4ea6-474b-aca9-eb909f5d0f32/elements[39m
[35m[HTTP][39m [90m{"using":"xpath","value":"//hierarchy/android.widget.FrameLayout[1]/android.widget.LinearLayout[1]/android.widget.FrameLayout[1]/android.view.ViewGroup[1]/android.widget.FrameLayout[2]/android.view.ViewGroup[1]/android.widget.LinearLayout[1]/android.widget.LinearLayout[3]/android.widget.LinearLayout[1]/android.widget.FrameLayout[1]/android.widget.EditText[1]"}[39m
[35m[HTTP][39m [37m<-- POST /wd/hub/session/8236c190-4ea6-474b-aca9-eb909f5d0f32/elements [39m[32m200[39m [90m187 ms - 139[39m
[35m[HTTP][39m [90m[39m
[35m[HTTP][39m [37m-->[39m [37mGET[39m [37m/wd/hub/session/8236c190-4ea6-474b-aca9-eb909f5d0f32/element/f8dc4e9d-f09e-4de1-8993-2ffb296d94d8/location[39m
[35m[HTTP][39m [90m{}[39m
[35m[W3C (8236c190)][39m Driver proxy active, passing request on via HTTP proxy
[35m[WD Proxy][39m Replacing sessionId 24704cd8-13b7-4803-8989-75c7640fb2ee with 8236c190-4ea6-474b-aca9-eb909f5d0f32
[35m[HTTP][39m [37m<-- GET /wd/hub/session/8236c190-4ea6-474b-aca9-eb909f5d0f32/element/f8dc4e9d-f09e-4de1-8993-2ffb296d94d8/location [39m[32m200[39m [90m27 ms - 77[39m
[35m[HTTP][39m [90m[39m
[35m[HTTP][39m [37m-->[39m [37mPOST[39m [37m/wd/hub/session/8236c190-4ea6-474b-aca9-eb909f5d0f32/touch/perform[39m
[35m[HTTP][39m [90m{"actions":[{"action":"tap","options":{"x":1,"y":1,"element":"f8dc4e9d-f09e-4de1-8993-2ffb296d94d8"}}]}[39m
[35m[UiAutomator2][39m calling get location: f8dc4e9d-f09e-4de1-8993-2ffb296d94d8
[35m[HTTP][39m [37m<-- POST /wd/hub/session/8236c190-4ea6-474b-aca9-eb909f5d0f32/touch/perform [39m[32m200[39m [90m94 ms - 14[39m
[35m[HTTP][39m [90m[39m
[35m[HTTP][39m [37m-->[39m [37mGET[39m [37m/wd/hub/session/8236c190-4ea6-474b-aca9-eb909f5d0f32/source[39m
[35m[HTTP][39m [90m{}[39m
[35m[W3C (8236c190)][39m Driver proxy active, passing request on via HTTP proxy
[35m[WD Proxy][39m Replacing sessionId 24704cd8-13b7-4803-8989-75c7640fb2ee with 8236c190-4ea6-474b-aca9-eb909f5d0f32
[35m[HTTP][39m [37m<-- GET /wd/hub/session/8236c190-4ea6-474b-aca9-eb909f5d0f32/source [39m[32m200[39m [90m122 ms - 14366[39m
[35m[HTTP][39m [90m[39m
[35m[HTTP][39m [37m-->[39m [37mGET[39m [37m/wd/hub/session/8236c190-4ea6-474b-aca9-eb909f5d0f32/screenshot[39m
[35m[HTTP][39m [90m{}[39m
[35m[HTTP][39m [37m<-- GET /wd/hub/session/8236c190-4ea6-474b-aca9-eb909f5d0f32/screenshot [39m[32m200[39m [90m683 ms - 203794[39m
[35m[HTTP][39m [90m[39m
[35m[HTTP][39m [37m-->[39m [37mGET[39m [37m/wd/hub/session/8236c190-4ea6-474b-aca9-eb909f5d0f32/window/rect[39m
[35m[HTTP][39m [90m{}[39m
[35m[HTTP][39m [37m<-- GET /wd/hub/session/8236c190-4ea6-474b-aca9-eb909f5d0f32/window/rect [39m[32m200[39m [90m38 ms - 50[39m
[35m[HTTP][39m [90m[39m
[35m[HTTP][39m [37m-->[39m [37mPOST[39m [37m/wd/hub/session/8236c190-4ea6-474b-aca9-eb909f5d0f32/elements[39m
[35m[HTTP][39m [90m{"using":"xpath","value":"//hierarchy/android.widget.FrameLayout[1]/android.widget.LinearLayout[1]/android.widget.FrameLayout[1]/android.view.ViewGroup[1]/android.widget.FrameLayout[2]/android.view.ViewGroup[1]/android.widget.LinearLayout[1]/android.widget.LinearLayout[3]/android.widget.LinearLayout[1]/android.widget.FrameLayout[1]/android.widget.EditText[1]"}[39m
[35m[HTTP][39m [37m<-- POST /wd/hub/session/8236c190-4ea6-474b-aca9-eb909f5d0f32/elements [39m[32m200[39m [90m627 ms - 139[39m
[35m[HTTP][39m [90m[39m
[35m[HTTP][39m [37m-->[39m [37mGET[39m [37m/wd/hub/session/8236c190-4ea6-474b-aca9-eb909f5d0f32/element/ec9cdfd0-c429-43b4-94ce-3e8e5cc4f1c6/location[39m
[35m[HTTP][39m [90m{}[39m
[35m[W3C (8236c190)][39m Driver proxy active, passing request on via HTTP proxy
[35m[WD Proxy][39m Replacing sessionId 24704cd8-13b7-4803-8989-75c7640fb2ee with 8236c190-4ea6-474b-aca9-eb909f5d0f32
[35m[HTTP][39m [37m<-- GET /wd/hub/session/8236c190-4ea6-474b-aca9-eb909f5d0f32/element/ec9cdfd0-c429-43b4-94ce-3e8e5cc4f1c6/location [39m[32m200[39m [90m53 ms - 77[39m
[35m[HTTP][39m [90m[39m
[35m[HTTP][39m [37m-->[39m [37mPOST[39m [37m/wd/hub/session/8236c190-4ea6-474b-aca9-eb909f5d0f32/element/ec9cdfd0-c429-43b4-94ce-3e8e5cc4f1c6/clear[39m
[35m[HTTP][39m [90m{"id":"ec9cdfd0-c429-43b4-94ce-3e8e5cc4f1c6"}[39m
[35m[HTTP][39m [37m<-- POST /wd/hub/session/8236c190-4ea6-474b-aca9-eb909f5d0f32/element/ec9cdfd0-c429-43b4-94ce-3e8e5cc4f1c6/clear [39m[32m200[39m [90m71 ms - 14[39m
[35m[HTTP][39m [90m[39m
[35m[HTTP][39m [37m-->[39m [37mPOST[39m [37m/wd/hub/session/8236c190-4ea6-474b-aca9-eb909f5d0f32/element/ec9cdfd0-c429-43b4-94ce-3e8e5cc4f1c6/value[39m
[35m[HTTP][39m [90m{"id":"ec9cdfd0-c429-43b4-94ce-3e8e5cc4f1c6","text":"jalan-jalan","value":["j","a","l","a","n","-","j","a","l","a","n"]}[39m
[35m[HTTP][39m [37m<-- POST /wd/hub/session/8236c190-4ea6-474b-aca9-eb909f5d0f32/element/ec9cdfd0-c429-43b4-94ce-3e8e5cc4f1c6/value [39m[32m200[39m [90m1151 ms - 14[39m
[35m[HTTP][39m [90m[39m
[35m[HTTP][39m [37m-->[39m [37mGET[39m [37m/wd/hub/session/8236c190-4ea6-474b-aca9-eb909f5d0f32/source[39m
[35m[HTTP][39m [90m{}[39m
[35m[W3C (8236c190)][39m Driver proxy active, passing request on via HTTP proxy
[35m[WD Proxy][39m Replacing sessionId 24704cd8-13b7-4803-8989-75c7640fb2ee with 8236c190-4ea6-474b-aca9-eb909f5d0f32
[35m[HTTP][39m [37m<-- GET /wd/hub/session/8236c190-4ea6-474b-aca9-eb909f5d0f32/source [39m[32m200[39m [90m159 ms - 14361[39m
[35m[HTTP][39m [90m[39m
[35m[HTTP][39m [37m-->[39m [37mGET[39m [37m/wd/hub/session/8236c190-4ea6-474b-aca9-eb909f5d0f32/screenshot[39m
[35m[HTTP][39m [90m{}[39m
[35m[HTTP][39m [37m<-- GET /wd/hub/session/8236c190-4ea6-474b-aca9-eb909f5d0f32/screenshot [39m[32m200[39m [90m750 ms - 206800[39m
[35m[HTTP][39m [90m[39m
[35m[HTTP][39m [37m-->[39m [37mGET[39m [37m/wd/hub/session/8236c190-4ea6-474b-aca9-eb909f5d0f32/window/rect[39m
[35m[HTTP][39m [90m{}[39m
[35m[HTTP][39m [37m<-- GET /wd/hub/session/8236c190-4ea6-474b-aca9-eb909f5d0f32/window/rect [39m[32m200[39m [90m41 ms - 50[39m
[35m[HTTP][39m [90m[39m
[35m[HTTP][39m [37m-->[39m [37mPOST[39m [37m/wd/hub/session/8236c190-4ea6-474b-aca9-eb909f5d0f32/elements[39m
[35m[HTTP][39m [90m{"using":"xpath","value":"//hierarchy/android.widget.FrameLayout[1]/android.widget.LinearLayout[1]/android.widget.FrameLayout[1]/android.view.ViewGroup[1]/android.widget.FrameLayout[2]/android.view.ViewGroup[1]/android.widget.LinearLayout[1]/android.widget.LinearLayout[4]/android.widget.LinearLayout[1]/android.widget.FrameLayout[1]/android.widget.EditText[1]"}[39m
[35m[HTTP][39m [37m<-- POST /wd/hub/session/8236c190-4ea6-474b-aca9-eb909f5d0f32/elements [39m[32m200[39m [90m203 ms - 139[39m
[35m[HTTP][39m [90m[39m
[35m[HTTP][39m [37m-->[39m [37mGET[39m [37m/wd/hub/session/8236c190-4ea6-474b-aca9-eb909f5d0f32/element/56b038b0-2f9e-4bcc-8ae1-382bb22158ec/location[39m
[35m[HTTP][39m [90m{}[39m
[35m[W3C (8236c190)][39m Driver proxy active, passing request on via HTTP proxy
[35m[WD Proxy][39m Replacing sessionId 24704cd8-13b7-4803-8989-75c7640fb2ee with 8236c190-4ea6-474b-aca9-eb909f5d0f32
[35m[HTTP][39m [37m<-- GET /wd/hub/session/8236c190-4ea6-474b-aca9-eb909f5d0f32/element/56b038b0-2f9e-4bcc-8ae1-382bb22158ec/location [39m[32m200[39m [90m27 ms - 77[39m
[35m[HTTP][39m [90m[39m
[35m[HTTP][39m [37m-->[39m [37mPOST[39m [37m/wd/hub/session/8236c190-4ea6-474b-aca9-eb909f5d0f32/touch/perform[39m
[35m[HTTP][39m [90m{"actions":[{"action":"tap","options":{"x":1,"y":1,"element":"56b038b0-2f9e-4bcc-8ae1-382bb22158ec"}}]}[39m
[35m[UiAutomator2][39m calling get location: 56b038b0-2f9e-4bcc-8ae1-382bb22158ec
[35m[HTTP][39m [37m<-- POST /wd/hub/session/8236c190-4ea6-474b-aca9-eb909f5d0f32/touch/perform [39m[32m200[39m [90m130 ms - 14[39m
[35m[HTTP][39m [90m[39m
[35m[HTTP][39m [37m-->[39m [37mGET[39m [37m/wd/hub/session/8236c190-4ea6-474b-aca9-eb909f5d0f32/source[39m
[35m[HTTP][39m [90m{}[39m
[35m[W3C (8236c190)][39m Driver proxy active, passing request on via HTTP proxy
[35m[WD Proxy][39m Replacing sessionId 24704cd8-13b7-4803-8989-75c7640fb2ee with 8236c190-4ea6-474b-aca9-eb909f5d0f32
[35m[HTTP][39m [37m<-- GET /wd/hub/session/8236c190-4ea6-474b-aca9-eb909f5d0f32/source [39m[32m200[39m [90m158 ms - 14361[39m
[35m[HTTP][39m [90m[39m
[35m[HTTP][39m [37m-->[39m [37mGET[39m [37m/wd/hub/session/8236c190-4ea6-474b-aca9-eb909f5d0f32/screenshot[39m
[35m[HTTP][39m [90m{}[39m
[35m[HTTP][39m [37m<-- GET /wd/hub/session/8236c190-4ea6-474b-aca9-eb909f5d0f32/screenshot [39m[32m200[39m [90m807 ms - 204628[39m
[35m[HTTP][39m [90m[39m
[35m[HTTP][39m [37m-->[39m [37mGET[39m [37m/wd/hub/session/8236c190-4ea6-474b-aca9-eb909f5d0f32/window/rect[39m
[35m[HTTP][39m [90m{}[39m
[35m[HTTP][39m [37m<-- GET /wd/hub/session/8236c190-4ea6-474b-aca9-eb909f5d0f32/window/rect [39m[32m200[39m [90m42 ms - 50[39m
[35m[HTTP][39m [90m[39m
[35m[HTTP][39m [37m-->[39m [37mPOST[39m [37m/wd/hub/session/8236c190-4ea6-474b-aca9-eb909f5d0f32/elements[39m
[35m[HTTP][39m [90m{"using":"xpath","value":"//hierarchy/android.widget.FrameLayout[1]/android.widget.LinearLayout[1]/android.widget.FrameLayout[1]/android.view.ViewGroup[1]/android.widget.FrameLayout[2]/android.view.ViewGroup[1]/android.widget.LinearLayout[1]/android.widget.LinearLayout[4]/android.widget.LinearLayout[1]/android.widget.FrameLayout[1]/android.widget.EditText[1]"}[39m
[35m[HTTP][39m [37m<-- POST /wd/hub/session/8236c190-4ea6-474b-aca9-eb909f5d0f32/elements [39m[32m200[39m [90m175 ms - 139[39m
[35m[HTTP][39m [90m[39m
[35m[HTTP][39m [37m-->[39m [37mGET[39m [37m/wd/hub/session/8236c190-4ea6-474b-aca9-eb909f5d0f32/element/73e6c65a-4d27-489b-9ed2-532c60faaf57/location[39m
[35m[HTTP][39m [90m{}[39m
[35m[W3C (8236c190)][39m Driver proxy active, passing request on via HTTP proxy
[35m[WD Proxy][39m Replacing sessionId 24704cd8-13b7-4803-8989-75c7640fb2ee with 8236c190-4ea6-474b-aca9-eb909f5d0f32
[35m[HTTP][39m [37m<-- GET /wd/hub/session/8236c190-4ea6-474b-aca9-eb909f5d0f32/element/73e6c65a-4d27-489b-9ed2-532c60faaf57/location [39m[32m200[39m [90m39 ms - 77[39m
[35m[HTTP][39m [90m[39m
[35m[HTTP][39m [37m-->[39m [37mPOST[39m [37m/wd/hub/session/8236c190-4ea6-474b-aca9-eb909f5d0f32/element/73e6c65a-4d27-489b-9ed2-532c60faaf57/clear[39m
[35m[HTTP][39m [90m{"id":"73e6c65a-4d27-489b-9ed2-532c60faaf57"}[39m
[35m[HTTP][39m [37m<-- POST /wd/hub/session/8236c190-4ea6-474b-aca9-eb909f5d0f32/element/73e6c65a-4d27-489b-9ed2-532c60faaf57/clear [39m[32m200[39m [90m65 ms - 14[39m
[35m[HTTP][39m [90m[39m
[35m[HTTP][39m [37m-->[39m [37mPOST[39m [37m/wd/hub/session/8236c190-4ea6-474b-aca9-eb909f5d0f32/element/73e6c65a-4d27-489b-9ed2-532c60faaf57/value[39m
[35m[HTTP][39m [90m{"id":"73e6c65a-4d27-489b-9ed2-532c60faaf57","text":"adrian.paskalis@si.ukdw.ac.id","value":["a","d","r","i","a","n",".","p","a","s","k","a","l","i","s","@","s","i",".","u","k","d","w",".","a","c",".","i","d"]}[39m
[35m[HTTP][39m [37m<-- POST /wd/hub/session/8236c190-4ea6-474b-aca9-eb909f5d0f32/element/73e6c65a-4d27-489b-9ed2-532c60faaf57/value [39m[32m200[39m [90m1359 ms - 14[39m
[35m[HTTP][39m [90m[39m
[35m[HTTP][39m [37m-->[39m [37mGET[39m [37m/wd/hub/session/8236c190-4ea6-474b-aca9-eb909f5d0f32/source[39m
[35m[HTTP][39m [90m{}[39m
[35m[W3C (8236c190)][39m Driver proxy active, passing request on via HTTP proxy
[35m[WD Proxy][39m Replacing sessionId 24704cd8-13b7-4803-8989-75c7640fb2ee with 8236c190-4ea6-474b-aca9-eb909f5d0f32
[35m[HTTP][39m [37m<-- GET /wd/hub/session/8236c190-4ea6-474b-aca9-eb909f5d0f32/source [39m[32m200[39m [90m318 ms - 14375[39m
[35m[HTTP][39m [90m[39m
[35m[HTTP][39m [37m-->[39m [37mGET[39m [37m/wd/hub/session/8236c190-4ea6-474b-aca9-eb909f5d0f32/screenshot[39m
[35m[HTTP][39m [90m{}[39m
[35m[HTTP][39m [37m<-- GET /wd/hub/session/8236c190-4ea6-474b-aca9-eb909f5d0f32/screenshot [39m[32m200[39m [90m760 ms - 218894[39m
[35m[HTTP][39m [90m[39m
[35m[HTTP][39m [37m-->[39m [37mGET[39m [37m/wd/hub/session/8236c190-4ea6-474b-aca9-eb909f5d0f32/context[39m
[35m[HTTP][39m [90m{}[39m
[35m[HTTP][39m [37m<-- GET /wd/hub/session/8236c190-4ea6-474b-aca9-eb909f5d0f32/context [39m[32m200[39m [90m1 ms - 22[39m
[35m[HTTP][39m [90m[39m
[35m[HTTP][39m [37m-->[39m [37mGET[39m [37m/wd/hub/session/8236c190-4ea6-474b-aca9-eb909f5d0f32/contexts[39m
[35m[HTTP][39m [90m{}[39m
[35m[AndroidDriver][39m Not checking whether webviews have active pages; use the 'ensureWebviewsHavePages' cap to turn this check on
[35m[HTTP][39m [37m<-- GET /wd/hub/session/8236c190-4ea6-474b-aca9-eb909f5d0f32/contexts [39m[32m200[39m [90m239 ms - 41[39m
[35m[HTTP][39m [90m[39m
[35m[HTTP][39m [37m-->[39m [37mPOST[39m [37m/wd/hub/session/8236c190-4ea6-474b-aca9-eb909f5d0f32/context[39m
[35m[HTTP][39m [90m{"name":"NATIVE_APP"}[39m
[35m[HTTP][39m [37m<-- POST /wd/hub/session/8236c190-4ea6-474b-aca9-eb909f5d0f32/context [39m[32m200[39m [90m1 ms - 14[39m
[35m[HTTP][39m [90m[39m
[35m[HTTP][39m [37m-->[39m [37mPOST[39m [37m/wd/hub/session/8236c190-4ea6-474b-aca9-eb909f5d0f32/appium/device/hide_keyboard[39m
[35m[HTTP][39m [90m{}[39m
[35m[HTTP][39m [37m<-- POST /wd/hub/session/8236c190-4ea6-474b-aca9-eb909f5d0f32/appium/device/hide_keyboard [39m[32m200[39m [90m3068 ms - 14[39m
[35m[HTTP][39m [90m[39m
[35m[HTTP][39m [37m-->[39m [37mPOST[39m [37m/wd/hub/session/8236c190-4ea6-474b-aca9-eb909f5d0f32/context[39m
[35m[HTTP][39m [90m{"name":"NATIVE_APP"}[39m
[35m[HTTP][39m [37m<-- POST /wd/hub/session/8236c190-4ea6-474b-aca9-eb909f5d0f32/context [39m[32m200[39m [90m1 ms - 14[39m
[35m[HTTP][39m [90m[39m
[35m[HTTP][39m [37m-->[39m [37mGET[39m [37m/wd/hub/session/8236c190-4ea6-474b-aca9-eb909f5d0f32/source[39m
[35m[HTTP][39m [90m{}[39m
[35m[W3C (8236c190)][39m Driver proxy active, passing request on via HTTP proxy
[35m[WD Proxy][39m Replacing sessionId 24704cd8-13b7-4803-8989-75c7640fb2ee with 8236c190-4ea6-474b-aca9-eb909f5d0f32
[35m[HTTP][39m [37m<-- GET /wd/hub/session/8236c190-4ea6-474b-aca9-eb909f5d0f32/source [39m[32m200[39m [90m368 ms - 14808[39m
[35m[HTTP][39m [90m[39m
[35m[HTTP][39m [37m-->[39m [37mGET[39m [37m/wd/hub/session/8236c190-4ea6-474b-aca9-eb909f5d0f32/screenshot[39m
[35m[HTTP][39m [90m{}[39m
[35m[HTTP][39m [37m<-- GET /wd/hub/session/8236c190-4ea6-474b-aca9-eb909f5d0f32/screenshot [39m[32m200[39m [90m800 ms - 135264[39m
[35m[HTTP][39m [90m[39m
[35m[HTTP][39m [37m-->[39m [37mGET[39m [37m/wd/hub/session/8236c190-4ea6-474b-aca9-eb909f5d0f32/window/rect[39m
[35m[HTTP][39m [90m{}[39m
[35m[HTTP][39m [37m<-- GET /wd/hub/session/8236c190-4ea6-474b-aca9-eb909f5d0f32/window/rect [39m[32m200[39m [90m38 ms - 50[39m
[35m[HTTP][39m [90m[39m
[35m[HTTP][39m [37m-->[39m [37mPOST[39m [37m/wd/hub/session/8236c190-4ea6-474b-aca9-eb909f5d0f32/elements[39m
[35m[HTTP][39m [90m{"using":"xpath","value":"//hierarchy/android.widget.FrameLayout[1]/android.widget.LinearLayout[1]/android.widget.FrameLayout[1]/android.view.ViewGroup[1]/android.widget.FrameLayout[2]/android.view.ViewGroup[1]/android.widget.LinearLayout[1]/android.widget.LinearLayout[5]/android.widget.LinearLayout[1]/android.widget.FrameLayout[1]/android.widget.EditText[1]"}[39m
[35m[HTTP][39m [37m<-- POST /wd/hub/session/8236c190-4ea6-474b-aca9-eb909f5d0f32/elements [39m[32m200[39m [90m183 ms - 139[39m
[35m[HTTP][39m [90m[39m
[35m[HTTP][39m [37m-->[39m [37mGET[39m [37m/wd/hub/session/8236c190-4ea6-474b-aca9-eb909f5d0f32/element/193f5933-646a-423d-9857-fb0ad86cc1b0/location[39m
[35m[HTTP][39m [90m{}[39m
[35m[W3C (8236c190)][39m Driver proxy active, passing request on via HTTP proxy
[35m[WD Proxy][39m Replacing sessionId 24704cd8-13b7-4803-8989-75c7640fb2ee with 8236c190-4ea6-474b-aca9-eb909f5d0f32
[35m[HTTP][39m [37m<-- GET /wd/hub/session/8236c190-4ea6-474b-aca9-eb909f5d0f32/element/193f5933-646a-423d-9857-fb0ad86cc1b0/location [39m[32m200[39m [90m28 ms - 78[39m
[35m[HTTP][39m [90m[39m
[35m[HTTP][39m [37m-->[39m [37mPOST[39m [37m/wd/hub/session/8236c190-4ea6-474b-aca9-eb909f5d0f32/touch/perform[39m
[35m[HTTP][39m [90m{"actions":[{"action":"tap","options":{"x":1,"y":1,"element":"193f5933-646a-423d-9857-fb0ad86cc1b0"}}]}[39m
[35m[UiAutomator2][39m calling get location: 193f5933-646a-423d-9857-fb0ad86cc1b0
[35m[HTTP][39m [37m<-- POST /wd/hub/session/8236c190-4ea6-474b-aca9-eb909f5d0f32/touch/perform [39m[32m200[39m [90m111 ms - 14[39m
[35m[HTTP][39m [90m[39m
[35m[HTTP][39m [37m-->[39m [37mGET[39m [37m/wd/hub/session/8236c190-4ea6-474b-aca9-eb909f5d0f32/source[39m
[35m[HTTP][39m [90m{}[39m
[35m[W3C (8236c190)][39m Driver proxy active, passing request on via HTTP proxy
[35m[WD Proxy][39m Replacing sessionId 24704cd8-13b7-4803-8989-75c7640fb2ee with 8236c190-4ea6-474b-aca9-eb909f5d0f32
[35m[HTTP][39m [37m<-- GET /wd/hub/session/8236c190-4ea6-474b-aca9-eb909f5d0f32/source [39m[32m200[39m [90m499 ms - 14375[39m
[35m[HTTP][39m [90m[39m
[35m[HTTP][39m [37m-->[39m [37mGET[39m [37m/wd/hub/session/8236c190-4ea6-474b-aca9-eb909f5d0f32/screenshot[39m
[35m[HTTP][39m [90m{}[39m
[35m[HTTP][39m [37m<-- GET /wd/hub/session/8236c190-4ea6-474b-aca9-eb909f5d0f32/screenshot [39m[32m200[39m [90m682 ms - 216082[39m
[35m[HTTP][39m [90m[39m
[35m[HTTP][39m [37m-->[39m [37mGET[39m [37m/wd/hub/session/8236c190-4ea6-474b-aca9-eb909f5d0f32/window/rect[39m
[35m[HTTP][39m [90m{}[39m
[35m[HTTP][39m [37m<-- GET /wd/hub/session/8236c190-4ea6-474b-aca9-eb909f5d0f32/window/rect [39m[32m200[39m [90m40 ms - 50[39m
[35m[HTTP][39m [90m[39m
[35m[HTTP][39m [37m-->[39m [37mPOST[39m [37m/wd/hub/session/8236c190-4ea6-474b-aca9-eb909f5d0f32/elements[39m
[35m[HTTP][39m [90m{"using":"xpath","value":"//hierarchy/android.widget.FrameLayout[1]/android.widget.LinearLayout[1]/android.widget.FrameLayout[1]/android.view.ViewGroup[1]/android.widget.FrameLayout[2]/android.view.ViewGroup[1]/android.widget.LinearLayout[1]/android.widget.LinearLayout[5]/android.widget.LinearLayout[1]/android.widget.FrameLayout[1]/android.widget.EditText[1]"}[39m
[35m[HTTP][39m [37m<-- POST /wd/hub/session/8236c190-4ea6-474b-aca9-eb909f5d0f32/elements [39m[32m200[39m [90m210 ms - 139[39m
[35m[HTTP][39m [90m[39m
[35m[HTTP][39m [37m-->[39m [37mGET[39m [37m/wd/hub/session/8236c190-4ea6-474b-aca9-eb909f5d0f32/element/86f80b88-decf-459b-9d30-090a0e91861f/location[39m
[35m[HTTP][39m [90m{}[39m
[35m[W3C (8236c190)][39m Driver proxy active, passing request on via HTTP proxy
[35m[WD Proxy][39m Replacing sessionId 24704cd8-13b7-4803-8989-75c7640fb2ee with 8236c190-4ea6-474b-aca9-eb909f5d0f32
[35m[HTTP][39m [37m<-- GET /wd/hub/session/8236c190-4ea6-474b-aca9-eb909f5d0f32/element/86f80b88-decf-459b-9d30-090a0e91861f/location [39m[32m200[39m [90m29 ms - 78[39m
[35m[HTTP][39m [90m[39m
[35m[HTTP][39m [37m-->[39m [37mPOST[39m [37m/wd/hub/session/8236c190-4ea6-474b-aca9-eb909f5d0f32/element/86f80b88-decf-459b-9d30-090a0e91861f/clear[39m
[35m[HTTP][39m [90m{"id":"86f80b88-decf-459b-9d30-090a0e91861f"}[39m
[35m[HTTP][39m [37m<-- POST /wd/hub/session/8236c190-4ea6-474b-aca9-eb909f5d0f32/element/86f80b88-decf-459b-9d30-090a0e91861f/clear [39m[32m200[39m [90m68 ms - 14[39m
[35m[HTTP][39m [90m[39m
[35m[HTTP][39m [37m-->[39m [37mPOST[39m [37m/wd/hub/session/8236c190-4ea6-474b-aca9-eb909f5d0f32/element/86f80b88-decf-459b-9d30-090a0e91861f/value[39m
[35m[HTTP][39m [90m{"id":"86f80b88-decf-459b-9d30-090a0e91861f","text":"jpg","value":["j","p","g"]}[39m
[35m[HTTP][39m [37m<-- POST /wd/hub/session/8236c190-4ea6-474b-aca9-eb909f5d0f32/element/86f80b88-decf-459b-9d30-090a0e91861f/value [39m[32m200[39m [90m1168 ms - 14[39m
[35m[HTTP][39m [90m[39m
[35m[HTTP][39m [37m-->[39m [37mGET[39m [37m/wd/hub/session/8236c190-4ea6-474b-aca9-eb909f5d0f32/source[39m
[35m[HTTP][39m [90m{}[39m
[35m[W3C (8236c190)][39m Driver proxy active, passing request on via HTTP proxy
[35m[WD Proxy][39m Replacing sessionId 24704cd8-13b7-4803-8989-75c7640fb2ee with 8236c190-4ea6-474b-aca9-eb909f5d0f32
[35m[HTTP][39m [37m<-- GET /wd/hub/session/8236c190-4ea6-474b-aca9-eb909f5d0f32/source [39m[32m200[39m [90m132 ms - 14364[39m
[35m[HTTP][39m [90m[39m
[35m[HTTP][39m [37m-->[39m [37mGET[39m [37m/wd/hub/session/8236c190-4ea6-474b-aca9-eb909f5d0f32/screenshot[39m
[35m[HTTP][39m [90m{}[39m
[35m[HTTP][39m [37m<-- GET /wd/hub/session/8236c190-4ea6-474b-aca9-eb909f5d0f32/screenshot [39m[32m200[39m [90m758 ms - 218742[39m
[35m[HTTP][39m [90m[39m
[35m[HTTP][39m [37m-->[39m [37mGET[39m [37m/wd/hub/session/8236c190-4ea6-474b-aca9-eb909f5d0f32/context[39m
[35m[HTTP][39m [90m{}[39m
[35m[HTTP][39m [37m<-- GET /wd/hub/session/8236c190-4ea6-474b-aca9-eb909f5d0f32/context [39m[32m200[39m [90m1 ms - 22[39m
[35m[HTTP][39m [90m[39m
[35m[HTTP][39m [37m-->[39m [37mGET[39m [37m/wd/hub/session/8236c190-4ea6-474b-aca9-eb909f5d0f32/contexts[39m
[35m[HTTP][39m [90m{}[39m
[35m[AndroidDriver][39m Not checking whether webviews have active pages; use the 'ensureWebviewsHavePages' cap to turn this check on
[35m[HTTP][39m [37m<-- GET /wd/hub/session/8236c190-4ea6-474b-aca9-eb909f5d0f32/contexts [39m[32m200[39m [90m208 ms - 41[39m
[35m[HTTP][39m [90m[39m
[35m[HTTP][39m [37m-->[39m [37mPOST[39m [37m/wd/hub/session/8236c190-4ea6-474b-aca9-eb909f5d0f32/context[39m
[35m[HTTP][39m [90m{"name":"NATIVE_APP"}[39m
[35m[HTTP][39m [37m<-- POST /wd/hub/session/8236c190-4ea6-474b-aca9-eb909f5d0f32/context [39m[32m200[39m [90m1 ms - 14[39m
[35m[HTTP][39m [90m[39m
[35m[HTTP][39m [37m-->[39m [37mPOST[39m [37m/wd/hub/session/8236c190-4ea6-474b-aca9-eb909f5d0f32/appium/device/hide_keyboard[39m
[35m[HTTP][39m [90m{}[39m
[35m[HTTP][39m [37m<-- POST /wd/hub/session/8236c190-4ea6-474b-aca9-eb909f5d0f32/appium/device/hide_keyboard [39m[32m200[39m [90m2819 ms - 14[39m
[35m[HTTP][39m [90m[39m
[35m[HTTP][39m [37m-->[39m [37mPOST[39m [37m/wd/hub/session/8236c190-4ea6-474b-aca9-eb909f5d0f32/context[39m
[35m[HTTP][39m [90m{"name":"NATIVE_APP"}[39m
[35m[HTTP][39m [37m<-- POST /wd/hub/session/8236c190-4ea6-474b-aca9-eb909f5d0f32/context [39m[32m200[39m [90m1 ms - 14[39m
[35m[HTTP][39m [90m[39m
[35m[HTTP][39m [37m-->[39m [37mGET[39m [37m/wd/hub/session/8236c190-4ea6-474b-aca9-eb909f5d0f32/source[39m
[35m[HTTP][39m [90m{}[39m
[35m[W3C (8236c190)][39m Driver proxy active, passing request on via HTTP proxy
[35m[WD Proxy][39m Replacing sessionId 24704cd8-13b7-4803-8989-75c7640fb2ee with 8236c190-4ea6-474b-aca9-eb909f5d0f32
[35m[HTTP][39m [37m<-- GET /wd/hub/session/8236c190-4ea6-474b-aca9-eb909f5d0f32/source [39m[32m200[39m [90m449 ms - 14797[39m
[35m[HTTP][39m [90m[39m
[35m[HTTP][39m [37m-->[39m [37mGET[39m [37m/wd/hub/session/8236c190-4ea6-474b-aca9-eb909f5d0f32/screenshot[39m
[35m[HTTP][39m [90m{}[39m
[35m[HTTP][39m [37m<-- GET /wd/hub/session/8236c190-4ea6-474b-aca9-eb909f5d0f32/screenshot [39m[32m200[39m [90m792 ms - 136222[39m
[35m[HTTP][39m [90m[39m
[35m[HTTP][39m [37m-->[39m [37mGET[39m [37m/wd/hub/session/8236c190-4ea6-474b-aca9-eb909f5d0f32/window/rect[39m
[35m[HTTP][39m [90m{}[39m
[35m[HTTP][39m [37m<-- GET /wd/hub/session/8236c190-4ea6-474b-aca9-eb909f5d0f32/window/rect [39m[32m200[39m [90m43 ms - 50[39m
[35m[HTTP][39m [90m[39m
[35m[HTTP][39m [37m-->[39m [37mPOST[39m [37m/wd/hub/session/8236c190-4ea6-474b-aca9-eb909f5d0f32/elements[39m
[35m[HTTP][39m [90m{"using":"xpath","value":"//hierarchy/android.widget.FrameLayout[1]/android.widget.LinearLayout[1]/android.widget.FrameLayout[1]/android.view.ViewGroup[1]/android.widget.FrameLayout[2]/android.view.ViewGroup[1]/android.widget.LinearLayout[1]/android.widget.Button[2]"}[39m
[35m[HTTP][39m [37m<-- POST /wd/hub/session/8236c190-4ea6-474b-aca9-eb909f5d0f32/elements [39m[32m200[39m [90m179 ms - 139[39m
[35m[HTTP][39m [90m[39m
[35m[HTTP][39m [37m-->[39m [37mGET[39m [37m/wd/hub/session/8236c190-4ea6-474b-aca9-eb909f5d0f32/element/826828a9-f5d6-4bc1-9cad-00dbfd3322db/location[39m
[35m[HTTP][39m [90m{}[39m
[35m[W3C (8236c190)][39m Driver proxy active, passing request on via HTTP proxy
[35m[WD Proxy][39m Replacing sessionId 24704cd8-13b7-4803-8989-75c7640fb2ee with 8236c190-4ea6-474b-aca9-eb909f5d0f32
[35m[HTTP][39m [37m<-- GET /wd/hub/session/8236c190-4ea6-474b-aca9-eb909f5d0f32/element/826828a9-f5d6-4bc1-9cad-00dbfd3322db/location [39m[32m200[39m [90m23 ms - 77[39m
[35m[HTTP][39m [90m[39m
[35m[HTTP][39m [37m-->[39m [37mPOST[39m [37m/wd/hub/session/8236c190-4ea6-474b-aca9-eb909f5d0f32/touch/perform[39m
[35m[HTTP][39m [90m{"actions":[{"action":"tap","options":{"x":1,"y":1,"element":"826828a9-f5d6-4bc1-9cad-00dbfd3322db"}}]}[39m
[35m[UiAutomator2][39m calling get location: 826828a9-f5d6-4bc1-9cad-00dbfd3322db
[35m[HTTP][39m [37m<-- POST /wd/hub/session/8236c190-4ea6-474b-aca9-eb909f5d0f32/touch/perform [39m[32m200[39m [90m67 ms - 14[39m
[35m[HTTP][39m [90m[39m
[35m[HTTP][39m [37m-->[39m [37mGET[39m [37m/wd/hub/session/8236c190-4ea6-474b-aca9-eb909f5d0f32/source[39m
[35m[HTTP][39m [90m{}[39m
[35m[W3C (8236c190)][39m Driver proxy active, passing request on via HTTP proxy
[35m[WD Proxy][39m Replacing sessionId 24704cd8-13b7-4803-8989-75c7640fb2ee with 8236c190-4ea6-474b-aca9-eb909f5d0f32
[35m[HTTP][39m [37m<-- GET /wd/hub/session/8236c190-4ea6-474b-aca9-eb909f5d0f32/source [39m[32m200[39m [90m329 ms - 6988[39m
[35m[HTTP][39m [90m[39m
[35m[HTTP][39m [37m-->[39m [37mGET[39m [37m/wd/hub/session/8236c190-4ea6-474b-aca9-eb909f5d0f32/screenshot[39m
[35m[HTTP][39m [90m{}[39m
[35m[HTTP][39m [37m<-- GET /wd/hub/session/8236c190-4ea6-474b-aca9-eb909f5d0f32/screenshot [39m[32m200[39m [90m774 ms - 132350[39m
[35m[HTTP][39m [90m[39m
[35m[HTTP][39m [37m-->[39m [37mGET[39m [37m/wd/hub/session/8236c190-4ea6-474b-aca9-eb909f5d0f32/window/rect[39m
[35m[HTTP][39m [90m{}[39m
[35m[HTTP][39m [37m<-- GET /wd/hub/session/8236c190-4ea6-474b-aca9-eb909f5d0f32/window/rect [39m[32m200[39m [90m39 ms - 50[39m
[35m[HTTP][39m [90m[39m
[35m[HTTP][39m [37m-->[39m [37mPOST[39m [37m/wd/hub/session/8236c190-4ea6-474b-aca9-eb909f5d0f32/elements[39m
[35m[HTTP][39m [90m{"using":"xpath","value":"//hierarchy/android.widget.FrameLayout[1]/android.widget.LinearLayout[1]/android.widget.FrameLayout[1]/android.widget.FrameLayout[1]/android.widget.FrameLayout[1]/androidx.appcompat.widget.LinearLayoutCompat[1]/android.widget.ScrollView[1]/android.widget.LinearLayout[1]/android.widget.Button[2]"}[39m
[35m[HTTP][39m [37m<-- POST /wd/hub/session/8236c190-4ea6-474b-aca9-eb909f5d0f32/elements [39m[32m200[39m [90m114 ms - 139[39m
[35m[HTTP][39m [90m[39m
[35m[HTTP][39m [37m-->[39m [37mGET[39m [37m/wd/hub/session/8236c190-4ea6-474b-aca9-eb909f5d0f32/element/d44a0345-0746-4578-a4ae-336f91165770/location[39m
[35m[HTTP][39m [90m{}[39m
[35m[W3C (8236c190)][39m Driver proxy active, passing request on via HTTP proxy
[35m[WD Proxy][39m Replacing sessionId 24704cd8-13b7-4803-8989-75c7640fb2ee with 8236c190-4ea6-474b-aca9-eb909f5d0f32
[35m[HTTP][39m [37m<-- GET /wd/hub/session/8236c190-4ea6-474b-aca9-eb909f5d0f32/element/d44a0345-0746-4578-a4ae-336f91165770/location [39m[32m200[39m [90m25 ms - 79[39m
[35m[HTTP][39m [90m[39m
[35m[HTTP][39m [37m-->[39m [37mPOST[39m [37m/wd/hub/session/8236c190-4ea6-474b-aca9-eb909f5d0f32/touch/perform[39m
[35m[HTTP][39m [90m{"actions":[{"action":"tap","options":{"x":1,"y":1,"element":"d44a0345-0746-4578-a4ae-336f91165770"}}]}[39m
[35m[UiAutomator2][39m calling get location: d44a0345-0746-4578-a4ae-336f91165770
[35m[HTTP][39m [37m<-- POST /wd/hub/session/8236c190-4ea6-474b-aca9-eb909f5d0f32/touch/perform [39m[32m200[39m [90m72 ms - 14[39m
[35m[HTTP][39m [90m[39m
[35m[HTTP][39m [37m-->[39m [37mGET[39m [37m/wd/hub/session/8236c190-4ea6-474b-aca9-eb909f5d0f32/source[39m
[35m[HTTP][39m [90m{}[39m
[35m[W3C (8236c190)][39m Driver proxy active, passing request on via HTTP proxy
[35m[WD Proxy][39m Replacing sessionId 24704cd8-13b7-4803-8989-75c7640fb2ee with 8236c190-4ea6-474b-aca9-eb909f5d0f32
[35m[HTTP][39m [37m<-- GET /wd/hub/session/8236c190-4ea6-474b-aca9-eb909f5d0f32/source [39m[32m200[39m [90m556 ms - 4661[39m
[35m[HTTP][39m [90m[39m
[35m[HTTP][39m [37m-->[39m [37mGET[39m [37m/wd/hub/session/8236c190-4ea6-474b-aca9-eb909f5d0f32/screenshot[39m
[35m[HTTP][39m [90m{}[39m
[35m[HTTP][39m [37m<-- GET /wd/hub/session/8236c190-4ea6-474b-aca9-eb909f5d0f32/screenshot [39m[32m200[39m [90m632 ms - 141940[39m
[35m[HTTP][39m [90m[39m
[35m[HTTP][39m [37m-->[39m [37mGET[39m [37m/wd/hub/session/8236c190-4ea6-474b-aca9-eb909f5d0f32/source[39m
[35m[HTTP][39m [90m{}[39m
[35m[W3C (8236c190)][39m Driver proxy active, passing request on via HTTP proxy
[35m[WD Proxy][39m Replacing sessionId 24704cd8-13b7-4803-8989-75c7640fb2ee with 8236c190-4ea6-474b-aca9-eb909f5d0f32
[35m[HTTP][39m [37m<-- GET /wd/hub/session/8236c190-4ea6-474b-aca9-eb909f5d0f32/source [39m[32m200[39m [90m567 ms - 22037[39m
[35m[HTTP][39m [90m[39m
[35m[HTTP][39m [37m-->[39m [37mGET[39m [37m/wd/hub/session/8236c190-4ea6-474b-aca9-eb909f5d0f32/screenshot[39m
[35m[HTTP][39m [90m{}[39m
[35m[HTTP][39m [37m<-- GET /wd/hub/session/8236c190-4ea6-474b-aca9-eb909f5d0f32/screenshot [39m[32m200[39m [90m794 ms - 122070[39m
[35m[HTTP][39m [90m[39m
[35m[HTTP][39m [37m-->[39m [37mDELETE[39m [37m/wd/hub/session/8236c190-4ea6-474b-aca9-eb909f5d0f32[39m
[35m[HTTP][39m [90m{}[39m
[35m[Appium][39m Removing session 8236c190-4ea6-474b-aca9-eb909f5d0f32 from our master session list
[35m[UiAutomator2][39m Restoring hidden api policy to the device default configuration
[35m[HTTP][39m [37m<-- DELETE /wd/hub/session/8236c190-4ea6-474b-aca9-eb909f5d0f32 [39m[32m200[39m [90m929 ms - 14[39m
[35m[HTTP][39m [90m[39m
